#
# There is insufficient memory for the Java Runtime Environment to continue.
# Native memory allocation (malloc) failed to allocate 1048576 bytes. Error detail: AllocateHeap
# Possible reasons:
#   The system is out of physical RAM or swap space
#   This process is running with CompressedOops enabled, and the Java Heap may be blocking the growth of the native heap
# Possible solutions:
#   Reduce memory load on the system
#   Increase physical memory or swap space
#   Check if swap backing store is full
#   Decrease Java heap size (-Xmx/-Xms)
#   Decrease number of Java threads
#   Decrease Java thread stack sizes (-Xss)
#   Set larger code cache with -XX:ReservedCodeCacheSize=
#   JVM is running with Zero Based Compressed Oops mode in which the Java heap is
#     placed in the first 32GB address space. The Java Heap base address is the
#     maximum limit for the native heap growth. Please use -XX:HeapBaseMinAddress
#     to set the Java Heap base and to place the Java Heap above 32GB virtual address.
# This output file may be truncated or incomplete.
#
#  Out of Memory Error (allocation.cpp:44), pid=4812, tid=4552
#
# JRE version: OpenJDK Runtime Environment Microsoft-11369940 (21.0.7+6) (build 21.0.7+6-LTS)
# Java VM: OpenJDK 64-Bit Server VM Microsoft-11369940 (21.0.7+6-LTS, mixed mode, emulated-client, sharing, tiered, compressed oops, compressed class ptrs, g1 gc, windows-amd64)
# No core dump will be written. Minidumps are not enabled by default on client versions of Windows
#

---------------  S U M M A R Y ------------

Command Line: -XX:TieredStopAtLevel=1 -Dspring.output.ansi.enabled=always -Dcom.sun.management.jmxremote -Dspring.jmx.enabled=true -Dspring.liveBeansView.mbeanDomain -Dspring.application.admin.enabled=true -Dmanagement.endpoints.jmx.exposure.include=* -javaagent:C:\Program Files\JetBrains\IntelliJ IDEA 2024.3\lib\idea_rt.jar=63906:C:\Program Files\JetBrains\IntelliJ IDEA 2024.3\bin -Dfile.encoding=UTF-8 -Dsun.stdout.encoding=UTF-8 -Dsun.stderr.encoding=UTF-8 com.thinkerscave.common.UserManagementServiceApplication

Host: AMD Ryzen 7 PRO 4750U with Radeon Graphics, 16 cores, 15G,  Windows 11 , 64 bit Build 26100 (10.0.26100.4768)
Time: Mon Sep  1 19:59:51 2025 India Standard Time elapsed time: 634.948921 seconds (0d 0h 10m 34s)

---------------  T H R E A D  ---------------

Current thread (0x00000262b5bbf0e0):  VMThread "VM Thread"          [id=4552, stack(0x000000ce1e900000,0x000000ce1ea00000) (1024K)]

Stack: [0x000000ce1e900000,0x000000ce1ea00000]
Native frames: (J=compiled Java code, j=interpreted, Vv=VM code, C=native code)
V  [jvm.dll+0x6d4bb9]
V  [jvm.dll+0x8afa11]
V  [jvm.dll+0x8b1f3e]
V  [jvm.dll+0x8b2623]
V  [jvm.dll+0x280816]
V  [jvm.dll+0xbfdf7]
V  [jvm.dll+0x34c312]
V  [jvm.dll+0x346d7e]
V  [jvm.dll+0x32f4d8]
V  [jvm.dll+0x3719f4]
V  [jvm.dll+0x8b834f]
V  [jvm.dll+0x8b9704]
V  [jvm.dll+0x8b9c40]
V  [jvm.dll+0x8b9ee3]
V  [jvm.dll+0x85916b]
V  [jvm.dll+0x6d327d]
C  [ucrtbase.dll+0x37b0]
C  [KERNEL32.DLL+0x2e8d7]
C  [ntdll.dll+0x3c34c]

VM_Operation (0x000000ce1e1fed80): G1CollectFull, mode: safepoint, requested by thread 0x00000262ff1a6ab0


---------------  P R O C E S S  ---------------

Threads class SMR info:
_java_thread_list=0x00000262fb95bd10, length=18, elements={
0x00000262b5bd96e0, 0x00000262b5bdae50, 0x00000262b5bde830, 0x00000262b5be43f0,
0x00000262b5be7040, 0x00000262b5bf0610, 0x00000262b5bf1bd0, 0x00000262b5badf20,
0x00000262fb6b3a50, 0x00000262fb6b44c0, 0x00000262fb917300, 0x00000262fb9a25c0,
0x00000262fb9d17a0, 0x00000262fc5913c0, 0x00000262fc58df40, 0x00000262fe188370,
0x00000262ff1a5070, 0x00000262ff1a6ab0
}

Java Threads: ( => current thread )
  0x00000262b5bd96e0 JavaThread "Reference Handler"          daemon [_thread_blocked, id=13288, stack(0x000000ce1ea00000,0x000000ce1eb00000) (1024K)]
  0x00000262b5bdae50 JavaThread "Finalizer"                  daemon [_thread_blocked, id=23016, stack(0x000000ce1eb00000,0x000000ce1ec00000) (1024K)]
  0x00000262b5bde830 JavaThread "Signal Dispatcher"          daemon [_thread_blocked, id=10308, stack(0x000000ce1ec00000,0x000000ce1ed00000) (1024K)]
  0x00000262b5be43f0 JavaThread "Attach Listener"            daemon [_thread_blocked, id=18300, stack(0x000000ce1ed00000,0x000000ce1ee00000) (1024K)]
  0x00000262b5be7040 JavaThread "Service Thread"             daemon [_thread_blocked, id=22540, stack(0x000000ce1ee00000,0x000000ce1ef00000) (1024K)]
  0x00000262b5bf0610 JavaThread "Monitor Deflation Thread"   daemon [_thread_blocked, id=22624, stack(0x000000ce1ef00000,0x000000ce1f000000) (1024K)]
  0x00000262b5bf1bd0 JavaThread "C1 CompilerThread0"         daemon [_thread_blocked, id=15008, stack(0x000000ce1f000000,0x000000ce1f100000) (1024K)]
  0x00000262b5badf20 JavaThread "Common-Cleaner"             daemon [_thread_blocked, id=22904, stack(0x000000ce1f100000,0x000000ce1f200000) (1024K)]
  0x00000262fb6b3a50 JavaThread "Monitor Ctrl-Break"         daemon [_thread_in_native, id=2556, stack(0x000000ce1f600000,0x000000ce1f700000) (1024K)]
  0x00000262fb6b44c0 JavaThread "Notification Thread"        daemon [_thread_blocked, id=20704, stack(0x000000ce1f700000,0x000000ce1f800000) (1024K)]
  0x00000262fb917300 JavaThread "RMI TCP Accept-0"           daemon [_thread_in_native, id=23488, stack(0x000000ce1f800000,0x000000ce1f900000) (1024K)]
  0x00000262fb9a25c0 JavaThread "RMI Scheduler(0)"           daemon [_thread_blocked, id=17484, stack(0x000000ce1fa00000,0x000000ce1fb00000) (1024K)]
  0x00000262fb9d17a0 JavaThread "JMX server connection timeout 42" daemon [_thread_blocked, id=16500, stack(0x000000ce20300000,0x000000ce20400000) (1024K)]
  0x00000262fc5913c0 JavaThread "RMI TCP Connection(2)-192.168.175.1" daemon [_thread_in_native, id=23160, stack(0x000000ce20600000,0x000000ce20700000) (1024K)]
  0x00000262fc58df40 JavaThread "PostgreSQL-JDBC-Cleaner"    daemon [_thread_blocked, id=21860, stack(0x000000ce21000000,0x000000ce21100000) (1024K)]
  0x00000262fe188370 JavaThread "Live Reload Server"         daemon [_thread_in_native, id=14284, stack(0x000000ce21800000,0x000000ce21900000) (1024K)]
  0x00000262ff1a5070 JavaThread "DestroyJavaVM"                     [_thread_blocked, id=20660, stack(0x000000ce1e200000,0x000000ce1e300000) (1024K)]
  0x00000262ff1a6ab0 JavaThread "Thread-5"                          [_thread_blocked, id=12136, stack(0x000000ce1e100000,0x000000ce1e200000) (1024K)]
Total: 18

Other Threads:
=>0x00000262b5bbf0e0 VMThread "VM Thread"                           [id=4552, stack(0x000000ce1e900000,0x000000ce1ea00000) (1024K)]
  0x00000262b5bac0f0 WatcherThread "VM Periodic Task Thread"        [id=20748, stack(0x000000ce1e800000,0x000000ce1e900000) (1024K)]
  0x00000262a2263db0 WorkerThread "GC Thread#0"                     [id=6492, stack(0x000000ce1e300000,0x000000ce1e400000) (1024K)]
  0x00000262fb9bf480 WorkerThread "GC Thread#1"                     [id=21076, stack(0x000000ce1fb00000,0x000000ce1fc00000) (1024K)]
  0x00000262fb9bf820 WorkerThread "GC Thread#2"                     [id=22224, stack(0x000000ce1fc00000,0x000000ce1fd00000) (1024K)]
  0x00000262fb9bfbc0 WorkerThread "GC Thread#3"                     [id=6240, stack(0x000000ce1fd00000,0x000000ce1fe00000) (1024K)]
  0x00000262fb9b07f0 WorkerThread "GC Thread#4"                     [id=20268, stack(0x000000ce1fe00000,0x000000ce1ff00000) (1024K)]
  0x00000262fba05100 WorkerThread "GC Thread#5"                     [id=7660, stack(0x000000ce1ff00000,0x000000ce20000000) (1024K)]
  0x00000262fba05840 WorkerThread "GC Thread#6"                     [id=3620, stack(0x000000ce20000000,0x000000ce20100000) (1024K)]
  0x00000262fba04620 WorkerThread "GC Thread#7"                     [id=22040, stack(0x000000ce20100000,0x000000ce20200000) (1024K)]
  0x00000262fba04280 WorkerThread "GC Thread#8"                     [id=20984, stack(0x000000ce20200000,0x000000ce20300000) (1024K)]
  0x00000262fba054a0 WorkerThread "GC Thread#9"                     [id=20912, stack(0x000000ce20700000,0x000000ce20800000) (1024K)]
  0x00000262fba05be0 WorkerThread "GC Thread#10"                    [id=23180, stack(0x000000ce20800000,0x000000ce20900000) (1024K)]
  0x00000262fc765640 WorkerThread "GC Thread#11"                    [id=22092, stack(0x000000ce20900000,0x000000ce20a00000) (1024K)]
  0x00000262fc763200 WorkerThread "GC Thread#12"                    [id=22500, stack(0x000000ce20d00000,0x000000ce20e00000) (1024K)]
  0x00000262a2274320 ConcurrentGCThread "G1 Main Marker"            [id=21284, stack(0x000000ce1e400000,0x000000ce1e500000) (1024K)]
  0x00000262a2275bb0 WorkerThread "G1 Conc#0"                       [id=23472, stack(0x000000ce1e500000,0x000000ce1e600000) (1024K)]
  0x00000262fc7635a0 WorkerThread "G1 Conc#1"                       [id=21244, stack(0x000000ce20e00000,0x000000ce20f00000) (1024K)]
  0x00000262fc763940 WorkerThread "G1 Conc#2"                       [id=22680, stack(0x000000ce20f00000,0x000000ce21000000) (1024K)]
  0x00000262b5a7ec70 ConcurrentGCThread "G1 Refine#0"               [id=22576, stack(0x000000ce1e600000,0x000000ce1e700000) (1024K)]
  0x00000262b5a7f5f0 ConcurrentGCThread "G1 Service"                [id=18256, stack(0x000000ce1e700000,0x000000ce1e800000) (1024K)]
Total: 21

Threads with active compile tasks:
C1 CompilerThread0  634970 9771   !   1       org.apache.catalina.core.ContainerBase::getRealmInternal (38 bytes)
Total: 1

VM state: at safepoint (normal execution)

VM Mutex/Monitor currently owned by a thread:  ([mutex/lock_event])
[0x00007fff5e286478] Threads_lock - owner thread: 0x00000262b5bbf0e0
[0x00007fff5e286578] Heap_lock - owner thread: 0x00000262ff1a6ab0

Heap address: 0x0000000709800000, size: 3944 MB, Compressed Oops mode: Zero based, Oop shift amount: 3

CDS archive(s) mapped at: [0x00000262b6000000-0x00000262b6c80000-0x00000262b6c80000), size 13107200, SharedBaseAddress: 0x00000262b6000000, ArchiveRelocationMode: 1.
Compressed class space mapped at: 0x00000262b7000000-0x00000262f7000000, reserved size: 1073741824
Narrow klass base: 0x00000262b6000000, Narrow klass shift: 0, Narrow klass range: 0x100000000

GC Precious Log:
 CardTable entry size: 512
 Card Set container configuration: InlinePtr #cards 4 size 8 Array Of Cards #cards 16 size 48 Howl #buckets 8 coarsen threshold 3686 Howl Bitmap #cards 512 size 80 coarsen threshold 460 Card regions per heap region 1 cards per card region 4096
 CPUs: 16 total, 16 available
 Memory: 15773M
 Large Page Support: Disabled
 NUMA Support: Disabled
 Compressed Oops: Enabled (Zero based)
 Heap Region Size: 2M
 Heap Min Capacity: 8M
 Heap Initial Capacity: 248M
 Heap Max Capacity: 3944M
 Pre-touch: Disabled
 Parallel Workers: 13
 Concurrent Workers: 3
 Concurrent Refinement Workers: 13
 Periodic GC: Disabled

Heap:
 garbage-first heap   total 139264K, used 103371K [0x0000000709800000, 0x0000000800000000)
  region size 2048K, 32 young (65536K), 4 survivors (8192K)
 Metaspace       used 83978K, committed 84928K, reserved 1179648K
  class space    used 11910K, committed 12352K, reserved 1048576K

Heap Regions: E=young(eden), S=young(survivor), O=old, HS=humongous(starts), HC=humongous(continues), CS=collection set, F=free, TAMS=top-at-mark-start, PB=parsable bottom
|   0|0x0000000709800000, 0x0000000709a00000, 0x0000000709a00000|100%| O|  |TAMS 0x0000000709800000| PB 0x0000000709800000| Untracked 
|   1|0x0000000709a00000, 0x0000000709c00000, 0x0000000709c00000|100%| O|  |TAMS 0x0000000709a00000| PB 0x0000000709a00000| Untracked 
|   2|0x0000000709c00000, 0x0000000709e00000, 0x0000000709e00000|100%| O|  |TAMS 0x0000000709c00000| PB 0x0000000709c00000| Untracked 
|   3|0x0000000709e00000, 0x000000070a000000, 0x000000070a000000|100%| O|  |TAMS 0x0000000709e00000| PB 0x0000000709e00000| Untracked 
|   4|0x000000070a000000, 0x000000070a200000, 0x000000070a200000|100%| O|  |TAMS 0x000000070a000000| PB 0x000000070a000000| Untracked 
|   5|0x000000070a200000, 0x000000070a400000, 0x000000070a400000|100%| O|  |TAMS 0x000000070a200000| PB 0x000000070a200000| Untracked 
|   6|0x000000070a400000, 0x000000070a600000, 0x000000070a600000|100%| O|  |TAMS 0x000000070a400000| PB 0x000000070a400000| Untracked 
|   7|0x000000070a600000, 0x000000070a800000, 0x000000070a800000|100%| O|  |TAMS 0x000000070a600000| PB 0x000000070a600000| Untracked 
|   8|0x000000070a800000, 0x000000070aa00000, 0x000000070aa00000|100%| O|  |TAMS 0x000000070a800000| PB 0x000000070a800000| Untracked 
|   9|0x000000070aa00000, 0x000000070ac00000, 0x000000070ac00000|100%| O|  |TAMS 0x000000070aa00000| PB 0x000000070aa00000| Untracked 
|  10|0x000000070ac00000, 0x000000070ae00000, 0x000000070ae00000|100%| O|  |TAMS 0x000000070ac00000| PB 0x000000070ac00000| Untracked 
|  11|0x000000070ae00000, 0x000000070b000000, 0x000000070b000000|100%| O|  |TAMS 0x000000070ae00000| PB 0x000000070ae00000| Untracked 
|  12|0x000000070b000000, 0x000000070b200000, 0x000000070b200000|100%| O|  |TAMS 0x000000070b000000| PB 0x000000070b000000| Untracked 
|  13|0x000000070b200000, 0x000000070b400000, 0x000000070b400000|100%| O|  |TAMS 0x000000070b200000| PB 0x000000070b200000| Untracked 
|  14|0x000000070b400000, 0x000000070b600000, 0x000000070b600000|100%| O|  |TAMS 0x000000070b400000| PB 0x000000070b400000| Untracked 
|  15|0x000000070b600000, 0x000000070b800000, 0x000000070b800000|100%| O|  |TAMS 0x000000070b600000| PB 0x000000070b600000| Untracked 
|  16|0x000000070b800000, 0x000000070ba00000, 0x000000070ba00000|100%| O|  |TAMS 0x000000070b800000| PB 0x000000070b800000| Untracked 
|  17|0x000000070ba00000, 0x000000070bc00000, 0x000000070bc00000|100%| O|  |TAMS 0x000000070ba00000| PB 0x000000070ba00000| Untracked 
|  18|0x000000070bc00000, 0x000000070be00000, 0x000000070be00000|100%| O|  |TAMS 0x000000070bc00000| PB 0x000000070bc00000| Untracked 
|  19|0x000000070be00000, 0x000000070c000000, 0x000000070c000000|100%| O|  |TAMS 0x000000070be00000| PB 0x000000070be00000| Untracked 
|  20|0x000000070c000000, 0x000000070c0aeba0, 0x000000070c200000| 34%| O|  |TAMS 0x000000070c000000| PB 0x000000070c000000| Untracked 
|  21|0x000000070c200000, 0x000000070c200000, 0x000000070c400000|  0%| F|  |TAMS 0x000000070c200000| PB 0x000000070c200000| Untracked 
|  22|0x000000070c400000, 0x000000070c400000, 0x000000070c600000|  0%| F|  |TAMS 0x000000070c400000| PB 0x000000070c400000| Untracked 
|  23|0x000000070c600000, 0x000000070c600000, 0x000000070c800000|  0%| F|  |TAMS 0x000000070c600000| PB 0x000000070c600000| Untracked 
|  24|0x000000070c800000, 0x000000070c800000, 0x000000070ca00000|  0%| F|  |TAMS 0x000000070c800000| PB 0x000000070c800000| Untracked 
|  25|0x000000070ca00000, 0x000000070ca00000, 0x000000070cc00000|  0%| F|  |TAMS 0x000000070ca00000| PB 0x000000070ca00000| Untracked 
|  26|0x000000070cc00000, 0x000000070cc00000, 0x000000070ce00000|  0%| F|  |TAMS 0x000000070cc00000| PB 0x000000070cc00000| Untracked 
|  27|0x000000070ce00000, 0x000000070ce44320, 0x000000070d000000| 13%| S|CS|TAMS 0x000000070ce00000| PB 0x000000070ce00000| Complete 
|  28|0x000000070d000000, 0x000000070d200000, 0x000000070d200000|100%| S|CS|TAMS 0x000000070d000000| PB 0x000000070d000000| Complete 
|  29|0x000000070d200000, 0x000000070d400000, 0x000000070d400000|100%| S|CS|TAMS 0x000000070d200000| PB 0x000000070d200000| Complete 
|  30|0x000000070d400000, 0x000000070d600000, 0x000000070d600000|100%| S|CS|TAMS 0x000000070d400000| PB 0x000000070d400000| Complete 
|  31|0x000000070d600000, 0x000000070d600000, 0x000000070d800000|  0%| F|  |TAMS 0x000000070d600000| PB 0x000000070d600000| Untracked 
|  32|0x000000070d800000, 0x000000070d800000, 0x000000070da00000|  0%| F|  |TAMS 0x000000070d800000| PB 0x000000070d800000| Untracked 
|  33|0x000000070da00000, 0x000000070da00000, 0x000000070dc00000|  0%| F|  |TAMS 0x000000070da00000| PB 0x000000070da00000| Untracked 
|  34|0x000000070dc00000, 0x000000070dc00000, 0x000000070de00000|  0%| F|  |TAMS 0x000000070dc00000| PB 0x000000070dc00000| Untracked 
|  35|0x000000070de00000, 0x000000070de00000, 0x000000070e000000|  0%| F|  |TAMS 0x000000070de00000| PB 0x000000070de00000| Untracked 
|  36|0x000000070e000000, 0x000000070e000000, 0x000000070e200000|  0%| F|  |TAMS 0x000000070e000000| PB 0x000000070e000000| Untracked 
|  37|0x000000070e200000, 0x000000070e200000, 0x000000070e400000|  0%| F|  |TAMS 0x000000070e200000| PB 0x000000070e200000| Untracked 
|  38|0x000000070e400000, 0x000000070e400000, 0x000000070e600000|  0%| F|  |TAMS 0x000000070e400000| PB 0x000000070e400000| Untracked 
|  39|0x000000070e600000, 0x000000070e600000, 0x000000070e800000|  0%| F|  |TAMS 0x000000070e600000| PB 0x000000070e600000| Untracked 
|  40|0x000000070e800000, 0x000000070e9cd130, 0x000000070ea00000| 90%| E|  |TAMS 0x000000070e800000| PB 0x000000070e800000| Complete 
|  41|0x000000070ea00000, 0x000000070ec00000, 0x000000070ec00000|100%| E|CS|TAMS 0x000000070ea00000| PB 0x000000070ea00000| Complete 
|  42|0x000000070ec00000, 0x000000070ee00000, 0x000000070ee00000|100%| E|CS|TAMS 0x000000070ec00000| PB 0x000000070ec00000| Complete 
|  43|0x000000070ee00000, 0x000000070f000000, 0x000000070f000000|100%| E|CS|TAMS 0x000000070ee00000| PB 0x000000070ee00000| Complete 
|  44|0x000000070f000000, 0x000000070f200000, 0x000000070f200000|100%| E|CS|TAMS 0x000000070f000000| PB 0x000000070f000000| Complete 
|  45|0x000000070f200000, 0x000000070f400000, 0x000000070f400000|100%| E|CS|TAMS 0x000000070f200000| PB 0x000000070f200000| Complete 
|  46|0x000000070f400000, 0x000000070f600000, 0x000000070f600000|100%| E|CS|TAMS 0x000000070f400000| PB 0x000000070f400000| Complete 
|  47|0x000000070f600000, 0x000000070f800000, 0x000000070f800000|100%| E|CS|TAMS 0x000000070f600000| PB 0x000000070f600000| Complete 
|  48|0x000000070f800000, 0x000000070fa00000, 0x000000070fa00000|100%| E|CS|TAMS 0x000000070f800000| PB 0x000000070f800000| Complete 
|  49|0x000000070fa00000, 0x000000070fc00000, 0x000000070fc00000|100%| E|CS|TAMS 0x000000070fa00000| PB 0x000000070fa00000| Complete 
|  50|0x000000070fc00000, 0x000000070fe00000, 0x000000070fe00000|100%| E|CS|TAMS 0x000000070fc00000| PB 0x000000070fc00000| Complete 
|  51|0x000000070fe00000, 0x0000000710000000, 0x0000000710000000|100%| E|CS|TAMS 0x000000070fe00000| PB 0x000000070fe00000| Complete 
|  52|0x0000000710000000, 0x0000000710200000, 0x0000000710200000|100%| E|CS|TAMS 0x0000000710000000| PB 0x0000000710000000| Complete 
|  53|0x0000000710200000, 0x0000000710400000, 0x0000000710400000|100%| E|CS|TAMS 0x0000000710200000| PB 0x0000000710200000| Complete 
|  54|0x0000000710400000, 0x0000000710600000, 0x0000000710600000|100%| E|CS|TAMS 0x0000000710400000| PB 0x0000000710400000| Complete 
|  55|0x0000000710600000, 0x0000000710800000, 0x0000000710800000|100%| E|CS|TAMS 0x0000000710600000| PB 0x0000000710600000| Complete 
|  56|0x0000000710800000, 0x0000000710a00000, 0x0000000710a00000|100%| E|CS|TAMS 0x0000000710800000| PB 0x0000000710800000| Complete 
|  57|0x0000000710a00000, 0x0000000710c00000, 0x0000000710c00000|100%| E|CS|TAMS 0x0000000710a00000| PB 0x0000000710a00000| Complete 
|  58|0x0000000710c00000, 0x0000000710e00000, 0x0000000710e00000|100%| E|CS|TAMS 0x0000000710c00000| PB 0x0000000710c00000| Complete 
|  59|0x0000000710e00000, 0x0000000711000000, 0x0000000711000000|100%| E|CS|TAMS 0x0000000710e00000| PB 0x0000000710e00000| Complete 
|  60|0x0000000711000000, 0x0000000711200000, 0x0000000711200000|100%| E|CS|TAMS 0x0000000711000000| PB 0x0000000711000000| Complete 
|  61|0x0000000711200000, 0x0000000711400000, 0x0000000711400000|100%| E|CS|TAMS 0x0000000711200000| PB 0x0000000711200000| Complete 
|  62|0x0000000711400000, 0x0000000711600000, 0x0000000711600000|100%| E|CS|TAMS 0x0000000711400000| PB 0x0000000711400000| Complete 
|  63|0x0000000711600000, 0x0000000711800000, 0x0000000711800000|100%| E|CS|TAMS 0x0000000711600000| PB 0x0000000711600000| Complete 
|  64|0x0000000711800000, 0x0000000711a00000, 0x0000000711a00000|100%| E|CS|TAMS 0x0000000711800000| PB 0x0000000711800000| Complete 
|  68|0x0000000712000000, 0x0000000712200000, 0x0000000712200000|100%| E|CS|TAMS 0x0000000712000000| PB 0x0000000712000000| Complete 
|  69|0x0000000712200000, 0x0000000712400000, 0x0000000712400000|100%| E|CS|TAMS 0x0000000712200000| PB 0x0000000712200000| Complete 
| 123|0x0000000718e00000, 0x0000000719000000, 0x0000000719000000|100%| E|CS|TAMS 0x0000000718e00000| PB 0x0000000718e00000| Complete 

Card table byte_map: [0x00000262ae700000,0x00000262aeec0000] _byte_map_base: 0x00000262aaeb4000

Marking Bits: (CMBitMap*) 0x00000262a22643c0
 Bits: [0x00000262aeec0000, 0x00000262b2c60000)

Polling page: 0x00000262a0080000

Metaspace:

Usage:
  Non-class:     70.38 MB used.
      Class:     11.63 MB used.
       Both:     82.01 MB used.

Virtual space:
  Non-class space:      128.00 MB reserved,      70.88 MB ( 55%) committed,  2 nodes.
      Class space:        1.00 GB reserved,      12.06 MB (  1%) committed,  1 nodes.
             Both:        1.12 GB reserved,      82.94 MB (  7%) committed. 

Chunk freelists:
   Non-Class:  8.73 MB
       Class:  3.95 MB
        Both:  12.68 MB

MaxMetaspaceSize: unlimited
CompressedClassSpaceSize: 1.00 GB
Initial GC threshold: 21.00 MB
Current GC threshold: 118.38 MB
CDS: on
 - commit_granule_bytes: 65536.
 - commit_granule_words: 8192.
 - virtual_space_node_default_size: 8388608.
 - enlarge_chunks_in_place: 1.
 - use_allocation_guard: 0.


Internal statistics:

num_allocs_failed_limit: 9.
num_arena_births: 1442.
num_arena_deaths: 10.
num_vsnodes_births: 3.
num_vsnodes_deaths: 0.
num_space_committed: 1327.
num_space_uncommitted: 0.
num_chunks_returned_to_freelist: 24.
num_chunks_taken_from_freelist: 4552.
num_chunk_merges: 10.
num_chunk_splits: 3318.
num_chunks_enlarged: 2516.
num_inconsistent_stats: 0.

CodeCache: size=49152Kb used=16041Kb max_used=18337Kb free=33110Kb
 bounds [0x00000262aa8e0000, 0x00000262abad0000, 0x00000262ad8e0000]
 total_blobs=9900 nmethods=9161 adapters=660
 compilation: enabled
              stopped_count=0, restarted_count=0
 full_count=0

Compilation events (20 events):
Event: 633.907 Thread 0x00000262b5bf1bd0 nmethod 9761 0x00000262aab94910 code [0x00000262aab94aa0, 0x00000262aab94b70]
Event: 633.911 Thread 0x00000262b5bf1bd0 9762       1       com.sun.jmx.interceptor.DefaultMBeanServerInterceptor::checkMBeanPermission (21 bytes)
Event: 633.911 Thread 0x00000262b5bf1bd0 nmethod 9762 0x00000262aab94610 code [0x00000262aab947a0, 0x00000262aab94848]
Event: 633.914 Thread 0x00000262b5bf1bd0 9763   !   1       org.springframework.beans.factory.support.DefaultSingletonBeanRegistry::destroyBean (346 bytes)
Event: 633.915 Thread 0x00000262b5bf1bd0 nmethod 9763 0x00000262aab92f10 code [0x00000262aab93280, 0x00000262aab93e90]
Event: 633.916 Thread 0x00000262b5bf1bd0 9764       1       java.util.KeyValueHolder::<init> (21 bytes)
Event: 633.916 Thread 0x00000262b5bf1bd0 nmethod 9764 0x00000262aab92990 code [0x00000262aab92b40, 0x00000262aab92e08]
Event: 633.916 Thread 0x00000262b5bf1bd0 9765       1       org.hibernate.service.spi.ServiceBinding::getLifecycleOwner (5 bytes)
Event: 633.916 Thread 0x00000262b5bf1bd0 nmethod 9765 0x00000262aab92690 code [0x00000262aab92820, 0x00000262aab928f0]
Event: 633.924 Thread 0x00000262b5bf1bd0 9766  s    1       java.lang.StringBuffer::toString (34 bytes)
Event: 633.925 Thread 0x00000262b5bf1bd0 nmethod 9766 0x00000262aab92010 code [0x00000262aab921e0, 0x00000262aab92568]
Event: 633.925 Thread 0x00000262b5bf1bd0 9767       1       org.postgresql.core.PGStream::isClosed (8 bytes)
Event: 633.925 Thread 0x00000262b5bf1bd0 nmethod 9767 0x00000262aab91c90 code [0x00000262aab91e40, 0x00000262aab91f38]
Event: 633.928 Thread 0x00000262b5bf1bd0 9768       1       org.apache.catalina.mapper.MapperListener::lifecycleEvent (180 bytes)
Event: 633.929 Thread 0x00000262b5bf1bd0 nmethod 9768 0x00000262aab90d90 code [0x00000262aab91020, 0x00000262aab918e8]
Event: 633.930 Thread 0x00000262b5bf1bd0 9769       1       org.springframework.boot.web.embedded.tomcat.TomcatEmbeddedWebappClassLoader::doLoadClass (56 bytes)
Event: 633.931 Thread 0x00000262b5bf1bd0 nmethod 9769 0x00000262aab90690 code [0x00000262aab90880, 0x00000262aab90bd8]
Event: 633.931 Thread 0x00000262b5bf1bd0 9770   !   1       org.springframework.boot.web.embedded.tomcat.TomcatEmbeddedWebappClassLoader::loadFromParent (22 bytes)
Event: 633.931 Thread 0x00000262b5bf1bd0 nmethod 9770 0x00000262aab90290 code [0x00000262aab90440, 0x00000262aab905d8]
Event: 633.932 Thread 0x00000262b5bf1bd0 9771   !   1       org.apache.catalina.core.ContainerBase::getRealmInternal (38 bytes)

GC Heap History (20 events):
Event: 7.014 GC heap after
{Heap after GC invocations=19 (full 0):
 garbage-first heap   total 94208K, used 35078K [0x0000000709800000, 0x0000000800000000)
  region size 2048K, 3 young (6144K), 3 survivors (6144K)
 Metaspace       used 66739K, committed 67456K, reserved 1114112K
  class space    used 9379K, committed 9728K, reserved 1048576K
}
Event: 7.223 GC heap before
{Heap before GC invocations=19 (full 0):
 garbage-first heap   total 94208K, used 80134K [0x0000000709800000, 0x0000000800000000)
  region size 2048K, 25 young (51200K), 3 survivors (6144K)
 Metaspace       used 68936K, committed 69696K, reserved 1114112K
  class space    used 9783K, committed 10112K, reserved 1048576K
}
Event: 7.227 GC heap after
{Heap after GC invocations=20 (full 0):
 garbage-first heap   total 94208K, used 36292K [0x0000000709800000, 0x0000000800000000)
  region size 2048K, 3 young (6144K), 3 survivors (6144K)
 Metaspace       used 68936K, committed 69696K, reserved 1114112K
  class space    used 9783K, committed 10112K, reserved 1048576K
}
Event: 7.389 GC heap before
{Heap before GC invocations=20 (full 0):
 garbage-first heap   total 94208K, used 81348K [0x0000000709800000, 0x0000000800000000)
  region size 2048K, 25 young (51200K), 3 survivors (6144K)
 Metaspace       used 69224K, committed 70016K, reserved 1114112K
  class space    used 9813K, committed 10176K, reserved 1048576K
}
Event: 7.393 GC heap after
{Heap after GC invocations=21 (full 0):
 garbage-first heap   total 114688K, used 37296K [0x0000000709800000, 0x0000000800000000)
  region size 2048K, 3 young (6144K), 3 survivors (6144K)
 Metaspace       used 69224K, committed 70016K, reserved 1114112K
  class space    used 9813K, committed 10176K, reserved 1048576K
}
Event: 7.609 GC heap before
{Heap before GC invocations=21 (full 0):
 garbage-first heap   total 114688K, used 96688K [0x0000000709800000, 0x0000000800000000)
  region size 2048K, 32 young (65536K), 3 survivors (6144K)
 Metaspace       used 69518K, committed 70272K, reserved 1114112K
  class space    used 9835K, committed 10176K, reserved 1048576K
}
Event: 7.613 GC heap after
{Heap after GC invocations=22 (full 0):
 garbage-first heap   total 114688K, used 37973K [0x0000000709800000, 0x0000000800000000)
  region size 2048K, 3 young (6144K), 3 survivors (6144K)
 Metaspace       used 69518K, committed 70272K, reserved 1114112K
  class space    used 9835K, committed 10176K, reserved 1048576K
}
Event: 7.878 GC heap before
{Heap before GC invocations=22 (full 0):
 garbage-first heap   total 114688K, used 97365K [0x0000000709800000, 0x0000000800000000)
  region size 2048K, 32 young (65536K), 3 survivors (6144K)
 Metaspace       used 70329K, committed 71104K, reserved 1114112K
  class space    used 9945K, committed 10304K, reserved 1048576K
}
Event: 7.881 GC heap after
{Heap after GC invocations=23 (full 0):
 garbage-first heap   total 114688K, used 39448K [0x0000000709800000, 0x0000000800000000)
  region size 2048K, 3 young (6144K), 3 survivors (6144K)
 Metaspace       used 70329K, committed 71104K, reserved 1114112K
  class space    used 9945K, committed 10304K, reserved 1048576K
}
Event: 8.104 GC heap before
{Heap before GC invocations=23 (full 0):
 garbage-first heap   total 114688K, used 80408K [0x0000000709800000, 0x0000000800000000)
  region size 2048K, 24 young (49152K), 3 survivors (6144K)
 Metaspace       used 71627K, committed 72448K, reserved 1114112K
  class space    used 10104K, committed 10432K, reserved 1048576K
}
Event: 8.107 GC heap after
{Heap after GC invocations=24 (full 0):
 garbage-first heap   total 114688K, used 40623K [0x0000000709800000, 0x0000000800000000)
  region size 2048K, 3 young (6144K), 3 survivors (6144K)
 Metaspace       used 71627K, committed 72448K, reserved 1114112K
  class space    used 10104K, committed 10432K, reserved 1048576K
}
Event: 8.489 GC heap before
{Heap before GC invocations=25 (full 0):
 garbage-first heap   total 114688K, used 97967K [0x0000000709800000, 0x0000000800000000)
  region size 2048K, 31 young (63488K), 3 survivors (6144K)
 Metaspace       used 72837K, committed 73600K, reserved 1114112K
  class space    used 10344K, committed 10688K, reserved 1048576K
}
Event: 8.494 GC heap after
{Heap after GC invocations=26 (full 0):
 garbage-first heap   total 139264K, used 42532K [0x0000000709800000, 0x0000000800000000)
  region size 2048K, 3 young (6144K), 3 survivors (6144K)
 Metaspace       used 72837K, committed 73600K, reserved 1114112K
  class space    used 10344K, committed 10688K, reserved 1048576K
}
Event: 8.964 GC heap before
{Heap before GC invocations=26 (full 0):
 garbage-first heap   total 139264K, used 118308K [0x0000000709800000, 0x0000000800000000)
  region size 2048K, 40 young (81920K), 3 survivors (6144K)
 Metaspace       used 74816K, committed 75712K, reserved 1114112K
  class space    used 10633K, committed 11008K, reserved 1048576K
}
Event: 8.969 GC heap after
{Heap after GC invocations=27 (full 0):
 garbage-first heap   total 139264K, used 44228K [0x0000000709800000, 0x0000000800000000)
  region size 2048K, 4 young (8192K), 4 survivors (8192K)
 Metaspace       used 74816K, committed 75712K, reserved 1114112K
  class space    used 10633K, committed 11008K, reserved 1048576K
}
Event: 39.354 GC heap before
{Heap before GC invocations=27 (full 0):
 garbage-first heap   total 139264K, used 117956K [0x0000000709800000, 0x0000000800000000)
  region size 2048K, 40 young (81920K), 4 survivors (8192K)
 Metaspace       used 80048K, committed 80960K, reserved 1179648K
  class space    used 11327K, committed 11712K, reserved 1048576K
}
Event: 39.363 GC heap after
{Heap after GC invocations=28 (full 0):
 garbage-first heap   total 139264K, used 46811K [0x0000000709800000, 0x0000000800000000)
  region size 2048K, 4 young (8192K), 4 survivors (8192K)
 Metaspace       used 80048K, committed 80960K, reserved 1179648K
  class space    used 11327K, committed 11712K, reserved 1048576K
}
Event: 335.332 GC heap before
{Heap before GC invocations=28 (full 0):
 garbage-first heap   total 139264K, used 120539K [0x0000000709800000, 0x0000000800000000)
  region size 2048K, 40 young (81920K), 4 survivors (8192K)
 Metaspace       used 83878K, committed 84864K, reserved 1179648K
  class space    used 11889K, committed 12352K, reserved 1048576K
}
Event: 335.339 GC heap after
{Heap after GC invocations=29 (full 0):
 garbage-first heap   total 139264K, used 48075K [0x0000000709800000, 0x0000000800000000)
  region size 2048K, 4 young (8192K), 4 survivors (8192K)
 Metaspace       used 83878K, committed 84864K, reserved 1179648K
  class space    used 11889K, committed 12352K, reserved 1048576K
}
Event: 633.933 GC heap before
{Heap before GC invocations=29 (full 0):
 garbage-first heap   total 139264K, used 103371K [0x0000000709800000, 0x0000000800000000)
  region size 2048K, 32 young (65536K), 4 survivors (8192K)
 Metaspace       used 83978K, committed 84928K, reserved 1179648K
  class space    used 11910K, committed 12352K, reserved 1048576K
}

Dll operation events (13 events):
Event: 0.009 Loaded shared library C:\Users\DEBASIS\.jdks\ms-21.0.7\bin\java.dll
Event: 0.162 Loaded shared library C:\Users\DEBASIS\.jdks\ms-21.0.7\bin\zip.dll
Event: 0.166 Loaded shared library C:\Users\DEBASIS\.jdks\ms-21.0.7\bin\instrument.dll
Event: 0.172 Loaded shared library C:\Users\DEBASIS\.jdks\ms-21.0.7\bin\net.dll
Event: 0.174 Loaded shared library C:\Users\DEBASIS\.jdks\ms-21.0.7\bin\nio.dll
Event: 0.178 Loaded shared library C:\Users\DEBASIS\.jdks\ms-21.0.7\bin\zip.dll
Event: 0.243 Loaded shared library C:\Users\DEBASIS\.jdks\ms-21.0.7\bin\jimage.dll
Event: 0.297 Loaded shared library C:\Program Files\JetBrains\IntelliJ IDEA 2024.3\bin\breakgen64.dll
Event: 0.306 Loaded shared library C:\Users\DEBASIS\.jdks\ms-21.0.7\bin\extnet.dll
Event: 0.317 Loaded shared library C:\Users\DEBASIS\.jdks\ms-21.0.7\bin\management.dll
Event: 0.328 Loaded shared library C:\Users\DEBASIS\.jdks\ms-21.0.7\bin\management_ext.dll
Event: 1.751 Loaded shared library C:\Users\DEBASIS\.jdks\ms-21.0.7\bin\sunmscapi.dll
Event: 3.074 Loaded shared library C:\Users\DEBASIS\.jdks\ms-21.0.7\bin\verify.dll

Deoptimization events (20 events):
Event: 3.745 Thread 0x00000262fc60c490 DEOPT PACKING pc=0x00000262ab494607 sp=0x000000ce205f9df0
Event: 3.745 Thread 0x00000262fc60c490 DEOPT UNPACKING pc=0x00000262aa934e42 sp=0x000000ce205f93e0 mode 0
Event: 3.745 Thread 0x00000262fc60c490 DEOPT PACKING pc=0x00000262ab492bac sp=0x000000ce205f9ff0
Event: 3.745 Thread 0x00000262fc60c490 DEOPT UNPACKING pc=0x00000262aa934e42 sp=0x000000ce205f95e0 mode 0
Event: 3.745 Thread 0x00000262fc60c490 DEOPT PACKING pc=0x00000262ab4b4cc4 sp=0x000000ce205fa340
Event: 3.745 Thread 0x00000262fc60c490 DEOPT UNPACKING pc=0x00000262aa934e42 sp=0x000000ce205f98e8 mode 0
Event: 4.161 Thread 0x00000262fb97a0f0 DEOPT PACKING pc=0x00000262ab373c9c sp=0x000000ce1f9fef80
Event: 4.161 Thread 0x00000262fb97a0f0 DEOPT UNPACKING pc=0x00000262aa934e42 sp=0x000000ce1f9fe488 mode 0
Event: 4.161 Thread 0x00000262fb97a0f0 DEOPT PACKING pc=0x00000262aaf54f1c sp=0x000000ce1f9ff040
Event: 4.161 Thread 0x00000262fb97a0f0 DEOPT UNPACKING pc=0x00000262aa934e42 sp=0x000000ce1f9fe510 mode 0
Event: 4.161 Thread 0x00000262fb97a0f0 DEOPT PACKING pc=0x00000262aaf55c54 sp=0x000000ce1f9ff0b0
Event: 4.161 Thread 0x00000262fb97a0f0 DEOPT UNPACKING pc=0x00000262aa934e42 sp=0x000000ce1f9fe5f0 mode 0
Event: 6.293 Thread 0x00000262fc60c490 DEOPT PACKING pc=0x00000262ab136d3c sp=0x000000ce205fb210
Event: 6.293 Thread 0x00000262fc60c490 DEOPT UNPACKING pc=0x00000262aa934e42 sp=0x000000ce205fa768 mode 0
Event: 6.486 Thread 0x00000262fc60c490 DEOPT PACKING pc=0x00000262ab1267e9 sp=0x000000ce205fcaf0
Event: 6.486 Thread 0x00000262fc60c490 DEOPT UNPACKING pc=0x00000262aa934e42 sp=0x000000ce205fbff8 mode 3
Event: 6.486 Thread 0x00000262fc60c490 DEOPT PACKING pc=0x00000262ab10873a sp=0x000000ce205fcab0
Event: 6.486 Thread 0x00000262fc60c490 DEOPT UNPACKING pc=0x00000262aa934e42 sp=0x000000ce205fbff8 mode 3
Event: 39.187 Thread 0x00000262fc5913c0 DEOPT PACKING pc=0x00000262abaa2bbc sp=0x000000ce206feef0
Event: 39.187 Thread 0x00000262fc5913c0 DEOPT UNPACKING pc=0x00000262aa934e42 sp=0x000000ce206fe388 mode 0

Classes loaded (20 events):
Event: 46.881 Loading class java/util/zip/GZIPInputStream
Event: 46.881 Loading class java/util/zip/GZIPInputStream done
Event: 46.881 Loading class java/util/zip/GZIPOutputStream
Event: 46.881 Loading class java/util/zip/GZIPOutputStream done
Event: 46.902 Loading class sun/nio/cs/US_ASCII$Encoder
Event: 46.902 Loading class sun/nio/cs/US_ASCII$Encoder done
Event: 46.907 Loading class jdk/internal/loader/BootLoader$PackageHelper
Event: 46.908 Loading class jdk/internal/loader/BootLoader$PackageHelper done
Event: 46.919 Loading class java/util/stream/ReferencePipeline$4
Event: 46.919 Loading class java/util/stream/ReferencePipeline$4 done
Event: 46.919 Loading class java/util/function/IntBinaryOperator
Event: 46.919 Loading class java/util/function/IntBinaryOperator done
Event: 46.920 Loading class java/util/stream/ReduceOps$7
Event: 46.920 Loading class java/util/stream/ReduceOps$7 done
Event: 46.920 Loading class java/util/stream/ReduceOps$6ReducingSink
Event: 46.920 Loading class java/util/stream/ReduceOps$6ReducingSink done
Event: 46.920 Loading class java/util/stream/ReferencePipeline$4$1
Event: 46.920 Loading class java/util/stream/ReferencePipeline$4$1 done
Event: 633.907 Loading class java/util/concurrent/locks/AbstractQueuedSynchronizer$SharedNode
Event: 633.907 Loading class java/util/concurrent/locks/AbstractQueuedSynchronizer$SharedNode done

Classes unloaded (5 events):
Event: 8.128 Thread 0x00000262b5bbf0e0 Unloading class 0x00000262b7929800 'jdk/internal/reflect/GeneratedSerializationConstructorAccessor30'
Event: 8.128 Thread 0x00000262b5bbf0e0 Unloading class 0x00000262b7929400 'jdk/internal/reflect/GeneratedSerializationConstructorAccessor29'
Event: 8.128 Thread 0x00000262b5bbf0e0 Unloading class 0x00000262b7925c00 'jdk/internal/reflect/GeneratedSerializationConstructorAccessor28'
Event: 8.128 Thread 0x00000262b5bbf0e0 Unloading class 0x00000262b7918000 'jdk/internal/reflect/GeneratedSerializationConstructorAccessor27'
Event: 8.128 Thread 0x00000262b5bbf0e0 Unloading class 0x00000262b74acc00 'jdk/internal/reflect/GeneratedSerializationConstructorAccessor26'

Classes redefined (0 events):
No events

Internal exceptions (20 events):
Event: 39.377 Thread 0x00000262fe189720 Exception <a 'java/lang/NoSuchMethodError'{0x0000000718e7bc68}: 'void java.lang.invoke.DirectMethodHandle$Holder.invokeSpecialIFC(java.lang.Object, java.lang.Object, int, java.lang.Object, java.lang.Object, java.lang.Object, java.lang.Object)'> (0x0000000718e7bc68) 
thrown [s\src\hotspot\share\interpreter\linkResolver.cpp, line 773]
Event: 39.685 Thread 0x00000262fe189720 Exception <a 'java/lang/IncompatibleClassChangeError'{0x0000000711694258}: Found class java.lang.Object, but interface was expected> (0x0000000711694258) 
thrown [s\src\hotspot\share\interpreter\linkResolver.cpp, line 840]
Event: 39.760 Thread 0x00000262fe189720 Exception <a 'java/lang/IncompatibleClassChangeError'{0x0000000711415428}: Found class java.lang.Object, but interface was expected> (0x0000000711415428) 
thrown [s\src\hotspot\share\interpreter\linkResolver.cpp, line 840]
Event: 39.772 Thread 0x00000262fe189720 Exception <a 'java/lang/NoSuchMethodError'{0x0000000711481980}: 'java.lang.Object java.lang.invoke.DirectMethodHandle$Holder.invokeStatic(java.lang.Object, java.lang.Object, java.lang.Object, java.lang.Object, java.lang.Object, java.lang.Object, java.lang.Object, java.lang.Object, java.lang.Object, java.lang.Object, java.lang.Object, java.lang.Object, java.lang.Object)'> (0x0000000711481980) 
thrown [s\src\hotspot\share\interpreter\linkResolver.cpp, line 773]
Event: 39.773 Thread 0x00000262fe189720 Exception <a 'java/lang/NoSuchMethodError'{0x00000007114a0cb0}: 'java.lang.Object java.lang.invoke.DirectMethodHandle$Holder.invokeStatic(java.lang.Object, java.lang.Object, java.lang.Object, java.lang.Object, java.lang.Object, java.lang.Object, java.lang.Object, java.lang.Object, java.lang.Object, java.lang.Object, java.lang.Object, java.lang.Object, java.lang.Object, java.lang.Object)'> (0x00000007114a0cb0) 
thrown [s\src\hotspot\share\interpreter\linkResolver.cpp, line 773]
Event: 39.774 Thread 0x00000262fe189720 Exception <a 'java/lang/NoSuchMethodError'{0x00000007114c15e8}: 'java.lang.Object java.lang.invoke.DirectMethodHandle$Holder.invokeStatic(java.lang.Object, java.lang.Object, java.lang.Object, java.lang.Object, java.lang.Object, java.lang.Object, java.lang.Object, java.lang.Object, java.lang.Object, java.lang.Object, java.lang.Object, java.lang.Object, java.lang.Object, java.lang.Object, java.lang.Object)'> (0x00000007114c15e8) 
thrown [s\src\hotspot\share\interpreter\linkResolver.cpp, line 773]
Event: 39.776 Thread 0x00000262fe189720 Exception <a 'java/lang/NoSuchMethodError'{0x00000007114e5818}: 'java.lang.Object java.lang.invoke.DirectMethodHandle$Holder.invokeStatic(java.lang.Object, java.lang.Object, java.lang.Object, java.lang.Object, java.lang.Object, java.lang.Object, java.lang.Object, java.lang.Object, java.lang.Object, java.lang.Object, java.lang.Object, java.lang.Object, java.lang.Object, java.lang.Object, java.lang.Object, java.lang.Object)'> (0x00000007114e5818) 
thrown [s\src\hotspot\share\interpreter\linkResolver.cpp, lin
Event: 39.777 Thread 0x00000262fe189720 Exception <a 'java/lang/NoSuchMethodError'{0x00000007114fc950}: 'java.lang.Object java.lang.invoke.Invokers$Holder.linkToTargetMethod(java.lang.Object, java.lang.Object, java.lang.Object, java.lang.Object, java.lang.Object, java.lang.Object, java.lang.Object, java.lang.Object, java.lang.Object, java.lang.Object, java.lang.Object, java.lang.Object, java.lang.Object, java.lang.Object, java.lang.Object, java.lang.Object, java.lang.Object, java.lang.Object, java.lang.Object, java.lang.Object, java.lang.Object)
Event: 39.784 Thread 0x00000262fe189720 Exception <a 'java/lang/NoSuchMethodError'{0x00000007115488b0}: 'int java.lang.invoke.DirectMethodHandle$Holder.invokeStatic(java.lang.Object, java.lang.Object, int, java.lang.Object)'> (0x00000007115488b0) 
thrown [s\src\hotspot\share\interpreter\linkResolver.cpp, line 773]
Event: 633.920 Thread 0x00000262ff1a84f0 Exception <a 'java/io/IOException'{0x000000070e95b170}: Connection reset by peer> (0x000000070e95b170) 
thrown [s\src\hotspot\share\prims\jni.cpp, line 539]
Event: 633.924 Thread 0x00000262ff1a84f0 Exception <a 'java/io/IOException'{0x000000070e973e40}: Connection reset by peer> (0x000000070e973e40) 
thrown [s\src\hotspot\share\prims\jni.cpp, line 539]
Event: 633.924 Thread 0x00000262ff1a84f0 Exception <a 'java/io/IOException'{0x000000070e974f70}: Connection reset by peer> (0x000000070e974f70) 
thrown [s\src\hotspot\share\prims\jni.cpp, line 539]
Event: 633.924 Thread 0x00000262ff1a84f0 Exception <a 'java/io/IOException'{0x000000070e976078}: Connection reset by peer> (0x000000070e976078) 
thrown [s\src\hotspot\share\prims\jni.cpp, line 539]
Event: 633.924 Thread 0x00000262ff1a84f0 Exception <a 'java/io/IOException'{0x000000070e977180}: Connection reset by peer> (0x000000070e977180) 
thrown [s\src\hotspot\share\prims\jni.cpp, line 539]
Event: 633.924 Thread 0x00000262ff1a84f0 Exception <a 'java/io/IOException'{0x000000070e978288}: Connection reset by peer> (0x000000070e978288) 
thrown [s\src\hotspot\share\prims\jni.cpp, line 539]
Event: 633.925 Thread 0x00000262ff1a84f0 Exception <a 'java/io/IOException'{0x000000070e979390}: Connection reset by peer> (0x000000070e979390) 
thrown [s\src\hotspot\share\prims\jni.cpp, line 539]
Event: 633.925 Thread 0x00000262ff1a84f0 Exception <a 'java/io/IOException'{0x000000070e97a498}: Connection reset by peer> (0x000000070e97a498) 
thrown [s\src\hotspot\share\prims\jni.cpp, line 539]
Event: 633.925 Thread 0x00000262ff1a84f0 Exception <a 'java/io/IOException'{0x000000070e97b5a0}: Connection reset by peer> (0x000000070e97b5a0) 
thrown [s\src\hotspot\share\prims\jni.cpp, line 539]
Event: 633.925 Thread 0x00000262ff1a84f0 Exception <a 'java/io/IOException'{0x000000070e97c6a8}: Connection reset by peer> (0x000000070e97c6a8) 
thrown [s\src\hotspot\share\prims\jni.cpp, line 539]
Event: 633.932 Thread 0x00000262fe187650 Exception <a 'java/lang/InterruptedException'{0x000000070e9a8388}: sleep interrupted> (0x000000070e9a8388) 
thrown [s\src\hotspot\share\prims\jvm.cpp, line 3074]

ZGC Phase Switch (0 events):
No events

VM Operations (20 events):
Event: 108.663 Executing VM operation: Cleanup done
Event: 120.787 Executing VM operation: Cleanup
Event: 120.787 Executing VM operation: Cleanup done
Event: 197.391 Executing VM operation: Cleanup
Event: 197.391 Executing VM operation: Cleanup done
Event: 205.444 Executing VM operation: Cleanup
Event: 205.444 Executing VM operation: Cleanup done
Event: 207.472 Executing VM operation: Cleanup
Event: 207.472 Executing VM operation: Cleanup done
Event: 215.533 Executing VM operation: Cleanup
Event: 215.533 Executing VM operation: Cleanup done
Event: 256.936 Executing VM operation: Cleanup
Event: 256.936 Executing VM operation: Cleanup done
Event: 310.310 Executing VM operation: Cleanup
Event: 310.311 Executing VM operation: Cleanup done
Event: 335.332 Executing VM operation: G1CollectForAllocation (G1 Evacuation Pause)
Event: 335.339 Executing VM operation: G1CollectForAllocation (G1 Evacuation Pause) done
Event: 621.992 Executing VM operation: Cleanup
Event: 621.992 Executing VM operation: Cleanup done
Event: 633.932 Executing VM operation: G1CollectFull (System.gc())

Memory protections (0 events):
No events

Nmethod flushes (20 events):
Event: 8.138 Thread 0x00000262b5bbf0e0 flushing  nmethod 0x00000262aaed7010
Event: 8.138 Thread 0x00000262b5bbf0e0 flushing  nmethod 0x00000262aaed7810
Event: 8.138 Thread 0x00000262b5bbf0e0 flushing  nmethod 0x00000262aaeda590
Event: 8.138 Thread 0x00000262b5bbf0e0 flushing  nmethod 0x00000262aaee5310
Event: 8.139 Thread 0x00000262b5bbf0e0 flushing  nmethod 0x00000262aaee5790
Event: 8.139 Thread 0x00000262b5bbf0e0 flushing  nmethod 0x00000262aaf14590
Event: 8.139 Thread 0x00000262b5bbf0e0 flushing  nmethod 0x00000262aaf17f10
Event: 8.139 Thread 0x00000262b5bbf0e0 flushing  nmethod 0x00000262aafa2610
Event: 8.139 Thread 0x00000262b5bbf0e0 flushing  nmethod 0x00000262aafa2c10
Event: 8.139 Thread 0x00000262b5bbf0e0 flushing  nmethod 0x00000262aafa3810
Event: 8.139 Thread 0x00000262b5bbf0e0 flushing  nmethod 0x00000262aafa3b10
Event: 8.139 Thread 0x00000262b5bbf0e0 flushing  nmethod 0x00000262aafa4810
Event: 8.139 Thread 0x00000262b5bbf0e0 flushing  nmethod 0x00000262aafb4510
Event: 8.139 Thread 0x00000262b5bbf0e0 flushing  nmethod 0x00000262aafb4e10
Event: 8.139 Thread 0x00000262b5bbf0e0 flushing  nmethod 0x00000262aafb7290
Event: 8.139 Thread 0x00000262b5bbf0e0 flushing  nmethod 0x00000262aafb7b10
Event: 8.139 Thread 0x00000262b5bbf0e0 flushing  nmethod 0x00000262aafd4290
Event: 8.139 Thread 0x00000262b5bbf0e0 flushing  nmethod 0x00000262aafd5110
Event: 8.139 Thread 0x00000262b5bbf0e0 flushing  nmethod 0x00000262ab522b90
Event: 8.139 Thread 0x00000262b5bbf0e0 flushing  nmethod 0x00000262ab526490

Events (20 events):
Event: 633.893 Thread 0x00000262fe187ce0 Thread added: 0x00000262ff1a6ab0
Event: 633.894 Thread 0x00000262fe187ce0 Thread exited: 0x00000262fe187ce0
Event: 633.907 Thread 0x00000262ff1a5700 Thread exited: 0x00000262ff1a5700
Event: 633.907 Thread 0x00000262ff1a7e60 Thread exited: 0x00000262ff1a7e60
Event: 633.908 Thread 0x00000262fe18b7f0 Thread exited: 0x00000262fe18b7f0
Event: 633.908 Thread 0x00000262ff1a77d0 Thread exited: 0x00000262ff1a77d0
Event: 633.908 Thread 0x00000262fe18c510 Thread exited: 0x00000262fe18c510
Event: 633.908 Thread 0x00000262fe18b160 Thread exited: 0x00000262fe18b160
Event: 633.908 Thread 0x00000262fe18be80 Thread exited: 0x00000262fe18be80
Event: 633.908 Thread 0x00000262fe18cba0 Thread exited: 0x00000262fe18cba0
Event: 633.908 Thread 0x00000262fe189720 Thread exited: 0x00000262fe189720
Event: 633.908 Thread 0x00000262fe18d230 Thread exited: 0x00000262fe18d230
Event: 633.908 Thread 0x00000262fc58e5d0 Thread exited: 0x00000262fc58e5d0
Event: 633.908 Thread 0x00000262fe188a00 Thread exited: 0x00000262fe188a00
Event: 633.919 Thread 0x00000262ff1a6ab0 Thread added: 0x00000262ff1a84f0
Event: 633.920 Thread 0x00000262fc58f980 Thread exited: 0x00000262fc58f980
Event: 633.925 Thread 0x00000262ff1a84f0 Thread exited: 0x00000262ff1a84f0
Event: 633.932 Thread 0x00000262fe187650 Thread exited: 0x00000262fe187650
Event: 633.932 Thread 0x00000262fe189db0 Thread exited: 0x00000262fe189db0
Event: 633.932 Thread 0x00000262fe18a440 Thread exited: 0x00000262fe18a440


Dynamic libraries:
0x00007ff634790000 - 0x00007ff63479e000 	C:\Users\DEBASIS\.jdks\ms-21.0.7\bin\java.exe
0x00007fffb9140000 - 0x00007fffb93a7000 	C:\WINDOWS\SYSTEM32\ntdll.dll
0x00007fffb8670000 - 0x00007fffb8739000 	C:\WINDOWS\System32\KERNEL32.DLL
0x00007fffb6330000 - 0x00007fffb6720000 	C:\WINDOWS\System32\KERNELBASE.dll
0x00007fffb69f0000 - 0x00007fffb6b3b000 	C:\WINDOWS\System32\ucrtbase.dll
0x00007fffb2610000 - 0x00007fffb2628000 	C:\Users\DEBASIS\.jdks\ms-21.0.7\bin\jli.dll
0x00007fffaf7e0000 - 0x00007fffaf7fd000 	C:\Users\DEBASIS\.jdks\ms-21.0.7\bin\VCRUNTIME140.dll
0x00007fffb8ad0000 - 0x00007fffb8c95000 	C:\WINDOWS\System32\USER32.dll
0x00007fff9cae0000 - 0x00007fff9cd7a000 	C:\WINDOWS\WinSxS\amd64_microsoft.windows.common-controls_6595b64144ccf1df_6.0.26100.4768_none_3e0c112ce331287c\COMCTL32.dll
0x00007fffb80b0000 - 0x00007fffb8159000 	C:\WINDOWS\System32\msvcrt.dll
0x00007fffb6c80000 - 0x00007fffb6ca7000 	C:\WINDOWS\System32\win32u.dll
0x00007fffb8ca0000 - 0x00007fffb8ccb000 	C:\WINDOWS\System32\GDI32.dll
0x00007fffb6b40000 - 0x00007fffb6c78000 	C:\WINDOWS\System32\gdi32full.dll
0x00007fffb68b0000 - 0x00007fffb6953000 	C:\WINDOWS\System32\msvcp_win.dll
0x00007fffb8020000 - 0x00007fffb804f000 	C:\WINDOWS\System32\IMM32.DLL
0x00007fffb0a50000 - 0x00007fffb0a5c000 	C:\Users\DEBASIS\.jdks\ms-21.0.7\bin\vcruntime140_1.dll
0x00007fffa5280000 - 0x00007fffa530d000 	C:\Users\DEBASIS\.jdks\ms-21.0.7\bin\msvcp140.dll
0x00007fff5d5d0000 - 0x00007fff5e368000 	C:\Users\DEBASIS\.jdks\ms-21.0.7\bin\server\jvm.dll
0x00007fffb8a10000 - 0x00007fffb8ac4000 	C:\WINDOWS\System32\ADVAPI32.dll
0x00007fffb8cd0000 - 0x00007fffb8d76000 	C:\WINDOWS\System32\sechost.dll
0x00007fffb88f0000 - 0x00007fffb8a08000 	C:\WINDOWS\System32\RPCRT4.dll
0x00007fffb8d80000 - 0x00007fffb8df4000 	C:\WINDOWS\System32\WS2_32.dll
0x00007fffaf9a0000 - 0x00007fffaf9ab000 	C:\WINDOWS\SYSTEM32\VERSION.dll
0x00007fffb5f30000 - 0x00007fffb5f8e000 	C:\WINDOWS\SYSTEM32\POWRPROF.dll
0x00007fffaf960000 - 0x00007fffaf995000 	C:\WINDOWS\SYSTEM32\WINMM.dll
0x00007fffb5f10000 - 0x00007fffb5f24000 	C:\WINDOWS\SYSTEM32\UMPDC.dll
0x00007fffb4fb0000 - 0x00007fffb4fcb000 	C:\WINDOWS\SYSTEM32\kernel.appcore.dll
0x00007fffaf830000 - 0x00007fffaf83a000 	C:\Users\DEBASIS\.jdks\ms-21.0.7\bin\jimage.dll
0x00007fffb3a30000 - 0x00007fffb3c71000 	C:\WINDOWS\SYSTEM32\DBGHELP.DLL
0x00007fffb7440000 - 0x00007fffb77c5000 	C:\WINDOWS\System32\combase.dll
0x00007fffb87e0000 - 0x00007fffb88c0000 	C:\WINDOWS\System32\OLEAUT32.dll
0x00007fff8ef60000 - 0x00007fff8efa3000 	C:\WINDOWS\SYSTEM32\dbgcore.DLL
0x00007fffb6e30000 - 0x00007fffb6ec9000 	C:\WINDOWS\System32\bcryptPrimitives.dll
0x00007fffa5450000 - 0x00007fffa545f000 	C:\Users\DEBASIS\.jdks\ms-21.0.7\bin\instrument.dll
0x00007fffa5260000 - 0x00007fffa5280000 	C:\Users\DEBASIS\.jdks\ms-21.0.7\bin\java.dll
0x00007fffb7850000 - 0x00007fffb7f9d000 	C:\WINDOWS\System32\SHELL32.dll
0x00007fffb6cb0000 - 0x00007fffb6e23000 	C:\WINDOWS\System32\wintypes.dll
0x00007fffb3e30000 - 0x00007fffb4690000 	C:\WINDOWS\SYSTEM32\windows.storage.dll
0x00007fffb8f10000 - 0x00007fffb9005000 	C:\WINDOWS\System32\SHCORE.dll
0x00007fffb8740000 - 0x00007fffb87aa000 	C:\WINDOWS\System32\shlwapi.dll
0x00007fffb6190000 - 0x00007fffb61b9000 	C:\WINDOWS\SYSTEM32\profapi.dll
0x00007fffa5210000 - 0x00007fffa5228000 	C:\Users\DEBASIS\.jdks\ms-21.0.7\bin\zip.dll
0x00007fffa5250000 - 0x00007fffa5260000 	C:\Users\DEBASIS\.jdks\ms-21.0.7\bin\net.dll
0x00007fffabcc0000 - 0x00007fffabdde000 	C:\WINDOWS\SYSTEM32\WINHTTP.dll
0x00007fffb5520000 - 0x00007fffb558b000 	C:\WINDOWS\system32\mswsock.dll
0x00007fffa5230000 - 0x00007fffa5246000 	C:\Users\DEBASIS\.jdks\ms-21.0.7\bin\nio.dll
0x00007fffa5160000 - 0x00007fffa517a000 	C:\Program Files\JetBrains\IntelliJ IDEA 2024.3\bin\breakgen64.dll
0x00007fffb4a90000 - 0x00007fffb4bb6000 	C:\WINDOWS\SYSTEM32\DNSAPI.dll
0x00007fffb49f0000 - 0x00007fffb4a23000 	C:\WINDOWS\SYSTEM32\IPHLPAPI.DLL
0x00007fffb6ef0000 - 0x00007fffb6efa000 	C:\WINDOWS\System32\NSI.dll
0x00007fffa5200000 - 0x00007fffa5209000 	C:\Users\DEBASIS\.jdks\ms-21.0.7\bin\extnet.dll
0x00007fffa8bd0000 - 0x00007fffa8bdb000 	C:\Windows\System32\rasadhlp.dll
0x00007fffa9c10000 - 0x00007fffa9c96000 	C:\WINDOWS\System32\fwpuclnt.dll
0x00007fffa5150000 - 0x00007fffa515a000 	C:\Users\DEBASIS\.jdks\ms-21.0.7\bin\management.dll
0x00007fffa5140000 - 0x00007fffa514b000 	C:\Users\DEBASIS\.jdks\ms-21.0.7\bin\management_ext.dll
0x00007fffb88e0000 - 0x00007fffb88e8000 	C:\WINDOWS\System32\PSAPI.DLL
0x00007fffb5900000 - 0x00007fffb591b000 	C:\WINDOWS\SYSTEM32\CRYPTSP.dll
0x00007fffb4f10000 - 0x00007fffb4f4b000 	C:\WINDOWS\system32\rsaenh.dll
0x00007fffb55c0000 - 0x00007fffb55eb000 	C:\WINDOWS\SYSTEM32\USERENV.dll
0x00007fffb6160000 - 0x00007fffb6186000 	C:\WINDOWS\SYSTEM32\bcrypt.dll
0x00007fffb5760000 - 0x00007fffb576c000 	C:\WINDOWS\SYSTEM32\CRYPTBASE.dll
0x00007fff9a4e0000 - 0x00007fff9a4f8000 	C:\WINDOWS\system32\napinsp.dll
0x00007fff9a000000 - 0x00007fff9a012000 	C:\WINDOWS\System32\winrnr.dll
0x00007fff8bb80000 - 0x00007fff8bbb0000 	C:\WINDOWS\system32\nlansp_c.dll
0x00007fff824a0000 - 0x00007fff824c0000 	C:\WINDOWS\system32\wshbth.dll
0x00007fff95ba0000 - 0x00007fff95bee000 	C:\WINDOWS\SYSTEM32\pdh.dll
0x00007fffa5130000 - 0x00007fffa513e000 	C:\Users\DEBASIS\.jdks\ms-21.0.7\bin\sunmscapi.dll
0x00007fffb6730000 - 0x00007fffb68a7000 	C:\WINDOWS\System32\CRYPT32.dll
0x00007fffb5a60000 - 0x00007fffb5a90000 	C:\WINDOWS\SYSTEM32\ncrypt.dll
0x00007fffb5a10000 - 0x00007fffb5a4f000 	C:\WINDOWS\SYSTEM32\NTASN1.dll
0x00007fffa09a0000 - 0x00007fffa09b0000 	C:\Users\DEBASIS\.jdks\ms-21.0.7\bin\verify.dll
0x00007fff4d610000 - 0x00007fff4d618000 	C:\WINDOWS\system32\wshunix.dll

dbghelp: loaded successfully - version: 4.0.5 - missing functions: none
symbol engine: initialized successfully - sym options: 0x614 - pdb path: .;C:\Users\DEBASIS\.jdks\ms-21.0.7\bin;C:\WINDOWS\SYSTEM32;C:\WINDOWS\WinSxS\amd64_microsoft.windows.common-controls_6595b64144ccf1df_6.0.26100.4768_none_3e0c112ce331287c;C:\Users\DEBASIS\.jdks\ms-21.0.7\bin\server;C:\Program Files\JetBrains\IntelliJ IDEA 2024.3\bin

VM Arguments:
jvm_args: -XX:TieredStopAtLevel=1 -Dspring.output.ansi.enabled=always -Dcom.sun.management.jmxremote -Dspring.jmx.enabled=true -Dspring.liveBeansView.mbeanDomain -Dspring.application.admin.enabled=true -Dmanagement.endpoints.jmx.exposure.include=* -javaagent:C:\Program Files\JetBrains\IntelliJ IDEA 2024.3\lib\idea_rt.jar=63906:C:\Program Files\JetBrains\IntelliJ IDEA 2024.3\bin -Dfile.encoding=UTF-8 -Dsun.stdout.encoding=UTF-8 -Dsun.stderr.encoding=UTF-8 
java_command: com.thinkerscave.common.UserManagementServiceApplication
java_class_path (initial): D:\Thinkers_Cave\Thinkerscave_backend_saas\target\classes;C:\Users\DEBASIS\.m2\repository\org\springframework\boot\spring-boot-starter-web\3.3.4\spring-boot-starter-web-3.3.4.jar;C:\Users\DEBASIS\.m2\repository\org\springframework\boot\spring-boot-starter\3.3.4\spring-boot-starter-3.3.4.jar;C:\Users\DEBASIS\.m2\repository\org\springframework\boot\spring-boot-starter-logging\3.3.4\spring-boot-starter-logging-3.3.4.jar;C:\Users\DEBASIS\.m2\repository\ch\qos\logback\logback-classic\1.5.8\logback-classic-1.5.8.jar;C:\Users\DEBASIS\.m2\repository\ch\qos\logback\logback-core\1.5.8\logback-core-1.5.8.jar;C:\Users\DEBASIS\.m2\repository\org\apache\logging\log4j\log4j-to-slf4j\2.23.1\log4j-to-slf4j-2.23.1.jar;C:\Users\DEBASIS\.m2\repository\org\slf4j\jul-to-slf4j\2.0.16\jul-to-slf4j-2.0.16.jar;C:\Users\DEBASIS\.m2\repository\jakarta\annotation\jakarta.annotation-api\2.1.1\jakarta.annotation-api-2.1.1.jar;C:\Users\DEBASIS\.m2\repository\org\yaml\snakeyaml\2.2\snakeyaml-2.2.jar;C:\Users\DEBASIS\.m2\repository\org\springframework\boot\spring-boot-starter-json\3.3.4\spring-boot-starter-json-3.3.4.jar;C:\Users\DEBASIS\.m2\repository\com\fasterxml\jackson\datatype\jackson-datatype-jdk8\2.17.2\jackson-datatype-jdk8-2.17.2.jar;C:\Users\DEBASIS\.m2\repository\com\fasterxml\jackson\datatype\jackson-datatype-jsr310\2.17.2\jackson-datatype-jsr310-2.17.2.jar;C:\Users\DEBASIS\.m2\repository\com\fasterxml\jackson\module\jackson-module-parameter-names\2.17.2\jackson-module-parameter-names-2.17.2.jar;C:\Users\DEBASIS\.m2\repository\org\springframework\boot\spring-boot-starter-tomcat\3.3.4\spring-boot-starter-tomcat-3.3.4.jar;C:\Users\DEBASIS\.m2\repository\org\apache\tomcat\embed\tomcat-embed-core\10.1.30\tomcat-embed-core-10.1.30.jar;C:\Users\DEBASIS\.m2\repository\org\apache\tomcat\embed\tomcat-embed-el\10.1.30\tomcat-embed-el-10.1.30.jar;C:\Users\DEBASIS\.m2\repository\org\apache\tomcat\embed\tomcat-embed-websocket\10.1.30\tomcat-embed-websocket-10.1.30.jar;C:\Users\DEBASIS\.m2\repository\org\springframework\spring-web\6.1.13\spring-web-6.1.13.jar;C:\Users\DEBASIS\.m2\repository\org\springframework\spring-beans\6.1.13\spring-beans-6.1.13.jar;C:\Users\DEBASIS\.m2\repository\io\micrometer\micrometer-observation\1.13.4\micrometer-observation-1.13.4.jar;C:\Users\DEBASIS\.m2\repository\io\micrometer\micrometer-commons\1.13.4\micrometer-commons-1.13.4.jar;C:\Users\DEBASIS\.m2\repository\org\springframework\spring-webmvc\6.1.13\spring-webmvc-6.1.13.jar;C:\Users\DEBASIS\.m2\repository\org\springframework\spring-context\6.1.13\spring-context-6.1.13.jar;C:\Users\DEBASIS\.m2\repository\org\springframework\spring-expression\6.1.13\spring-expression-6.1.13.jar;C:\Users\DEBASIS\.m2\repository\org\springframework\boot\spring-boot-starter-data-jpa\3.3.4\spring-boot-starter-data-jpa-3.3.4.jar;C:\Users\DEBASIS\.m2\repository\org\springframework\boot\spring-boot-starter-jdbc\3.3.4\spring-boot-starter-jdbc-3.3.4.jar;C:\Users\DEBASIS\.m2\repository\com\zaxxer\HikariCP\5.1.0\HikariCP-5.1.0.jar;C:\Users\DEBASIS\.m2\repository\org\springframework\spring-jdbc\6.1.13\spring-jdbc-6.1.13.jar;C:\Users\DEBASIS\.m2\repository\org\springframework\data\spring-data-jpa\3.3.4\spring-data-jpa-3.3.4.jar;C:\Users\DEBASIS\.m2\repository\org\springframework\data\spring-data-commons\3.3.4\spring-data-commons-3.3.4.jar;C:\Users\DEBASIS\.m2\repository\org\springframework\spring-orm\6.1.13\spring-orm-6.1.13.jar;C:\Users\DEBASIS\.m2\repository\org\springframework\spring-tx\6.1.13\spring-tx-6.1.13.jar;C:\Users\DEBASIS\.m2\repository\org\slf4j\slf4j-api\2.0.16\slf4j-api-2.0.16.jar;C:\Users\DEBASIS\.m2\repository\org\springframework\spring-aspects\6.1.13\spring-aspects-6.1.13.jar;C:\Users\DEBASIS\.m2\repository\org\springframework\boot\spring-boot-starter-security\3.3.4\spring-boot-starter-security-3.3.4.jar;C:\Users\DEBASIS\.m2\repository\org\springframework\spring-aop\6.1.13\spring-aop-6.1.13.jar;C:\Users\DEBASIS\.m2\repository\org\springframework\security\spring-security-config\6.3.3\spring-security-config-6.3.3.jar;C:\Users\DEBASIS\.m2\repository\org\springframework\security\spring-security-core\6.3.3\spring-security-core-6.3.3.jar;C:\Users\DEBASIS\.m2\repository\org\springframework\security\spring-security-crypto\6.3.3\spring-security-crypto-6.3.3.jar;C:\Users\DEBASIS\.m2\repository\org\springframework\security\spring-security-web\6.3.3\spring-security-web-6.3.3.jar;C:\Users\DEBASIS\.m2\repository\org\springframework\boot\spring-boot-starter-log4j2\3.3.4\spring-boot-starter-log4j2-3.3.4.jar;C:\Users\DEBASIS\.m2\repository\org\apache\logging\log4j\log4j-slf4j2-impl\2.23.1\log4j-slf4j2-impl-2.23.1.jar;C:\Users\DEBASIS\.m2\repository\org\apache\logging\log4j\log4j-api\2.23.1\log4j-api-2.23.1.jar;C:\Users\DEBASIS\.m2\repository\org\apache\logging\log4j\log4j-core\2.23.1\log4j-core-2.23.1.jar;C:\Users\DEBASIS\.m2\repository\org\apache\logging\log4j\log4j-jul\2.23.1\log4j-jul-2.23.1.jar;C:\Users\DEBASIS\.m2\repository\org\hibernate\orm\hibernate-core\6.6.15.Final\hibernate-core-6.6.15.Final.jar;C:\Users\DEBASIS\.m2\repository\jakarta\persistence\jakarta.persistence-api\3.1.0\jakarta.persistence-api-3.1.0.jar;C:\Users\DEBASIS\.m2\repository\jakarta\transaction\jakarta.transaction-api\2.0.1\jakarta.transaction-api-2.0.1.jar;C:\Users\DEBASIS\.m2\repository\org\jboss\logging\jboss-logging\3.5.3.Final\jboss-logging-3.5.3.Final.jar;C:\Users\DEBASIS\.m2\repository\org\hibernate\common\hibernate-commons-annotations\7.0.3.Final\hibernate-commons-annotations-7.0.3.Final.jar;C:\Users\DEBASIS\.m2\repository\io\smallrye\jandex\3.2.0\jandex-3.2.0.jar;C:\Users\DEBASIS\.m2\repository\com\fasterxml\classmate\1.7.0\classmate-1.7.0.jar;C:\Users\DEBASIS\.m2\repository\net\bytebuddy\byte-buddy\1.14.19\byte-buddy-1.14.19.jar;C:\Users\DEBASIS\.m2\repository\jakarta\xml\bind\jakarta.xml.bind-api\4.0.2\jakarta.xml.bind-api-4.0.2.jar;C:\Users\DEBASIS\.m2\repository\jakarta\activation\jakarta.activation-api\2.1.3\jakarta.activation-api-2.1.3.jar;C:\Users\DEBASIS\.m2\repository\org\glassfish\jaxb\jaxb-runtime\4.0.5\jaxb-runtime-4.0.5.jar;C:\Users\DEBASIS\.m2\repository\org\glassfish\jaxb\jaxb-core\4.0.5\jaxb-core-4.0.5.jar;C:\Users\DEBASIS\.m2\repository\org\glassfish\jaxb\txw2\4.0.5\txw2-4.0.5.jar;C:\Users\DEBASIS\.m2\repository\com\sun\istack\istack-commons-runtime\4.1.2\istack-commons-runtime-4.1.2.jar;C:\Users\DEBASIS\.m2\repository\jakarta\inject\jakarta.inject-api\2.0.1\jakarta.inject-api-2.0.1.jar;C:\Users\DEBASIS\.m2\repository\org\antlr\antlr4-runtime\4.13.0\antlr4-runtime-4.13.0.jar;C:\Users\DEBASIS\.m2\repository\org\hibernate\tool\hibernate-tools-orm\6.4.4.Final\hibernate-tools-orm-6.4.4.Final.jar;C:\Users\DEBASIS\.m2\repository\com\google\googlejavaformat\google-java-format\1.19.1\google-java-format-1.19.1.jar;C:\Users\DEBASIS\.m2\repository\com\google\guava\guava\32.1.3-jre\guava-32.1.3-jre.jar;C:\Users\DEBASIS\.m2\repository\com\google\guava\failureaccess\1.0.1\failureaccess-1.0.1.jar;C:\Users\DEBASIS\.m2\repository\com\google\guava\listenablefuture\9999.0-empty-to-avoid-conflict-with-guava\listenablefuture-9999.0-empty-to-avoid-conflict-with-guava.jar;C:\Users\DEBASIS\.m2\repository\com\google\code\findbugs\jsr305\3.0.2\jsr305-3.0.2.jar;C:\Users\DEBASIS\.m2\repository\com\google\errorprone\error_prone_annotations\2.21.1\error_prone_annotations-2.21.1.jar;C:\Users\DEBASIS\.m2\repository\com\google\j2objc\j2objc-annotations\2.8\j2objc-annotations-2.8.jar;C:\Users\DEBASIS\.m2\repository\org\apache\ant\ant\1.10.14\ant-1.10.14.jar;C:\Users\DEBASIS\.m2\repository\org\apache\ant\ant-launcher\1.10.14\ant-launcher-1.10.14.jar;C:\Users\DEBASIS\.m2\repository\org\apache\commons\commons-collections4\4.4\commons-collections4-4.4.jar;C:\Users\DEBASIS\.m2\repository\org\freemarker\freemarker\2.3.33\freemarker-2.3.33.jar;C:\Users\DEBASIS\.m2\repository\org\hibernate\orm\hibernate-ant\6.5.3.Final\hibernate-ant-6.5.3.Final.jar;C:\Users\DEBASIS\.m2\repository\org\hibernate\tool\hibernate-tools-utils\6.4.4.Final\hibernate-tools-utils-6.4.4.Final.jar;C:\Users\DEBASIS\.m2\repository\io\jsonwebtoken\jjwt-api\0.12.5\jjwt-api-0.12.5.jar;C:\Users\DEBASIS\.m2\repository\io\jsonwebtoken\jjwt-impl\0.12.5\jjwt-impl-0.12.5.jar;C:\Users\DEBASIS\.m2\repository\io\jsonwebtoken\jjwt-jackson\0.12.5\jjwt-jackson-0.12.5.jar;C:\Users\DEBASIS\.m2\repository\com\fasterxml\jackson\core\jackson-databind\2.17.2\jackson-databind-2.17.2.jar;C:\Users\DEBASIS\.m2\repository\com\fasterxml\jackson\core\jackson-annotations\2.17.2\jackson-annotations-2.17.2.jar;C:\Users\DEBASIS\.m2\repository\com\fasterxml\jackson\core\jackson-core\2.17.2\jackson-core-2.17.2.jar;C:\Users\DEBASIS\.m2\repository\org\postgresql\postgresql\42.7.4\postgresql-42.7.4.jar;C:\Users\DEBASIS\.m2\repository\org\checkerframework\checker-qual\3.42.0\checker-qual-3.42.0.jar;C:\Users\DEBASIS\.m2\repository\org\projectlombok\lombok\1.18.34\lombok-1.18.34.jar;C:\Users\DEBASIS\.m2\repository\org\springframework\boot\spring-boot-starter-mail\3.3.4\spring-boot-starter-mail-3.3.4.jar;C:\Users\DEBASIS\.m2\repository\org\springframework\spring-context-support\6.1.13\spring-context-support-6.1.13.jar;C:\Users\DEBASIS\.m2\repository\org\eclipse\angus\jakarta.mail\2.0.3\jakarta.mail-2.0.3.jar;C:\Users\DEBASIS\.m2\repository\org\eclipse\angus\angus-activation\2.0.2\angus-activation-2.0.2.jar;C:\Users\DEBASIS\.m2\repository\org\springframework\boot\spring-boot-starter-aop\3.3.4\spring-boot-starter-aop-3.3.4.jar;C:\Users\DEBASIS\.m2\repository\org\aspectj\aspectjweaver\1.9.22.1\aspectjweaver-1.9.22.1.jar;C:\Users\DEBASIS\.m2\repository\org\springframework\boot\spring-boot-configuration-processor\3.3.4\spring-boot-configuration-processor-3.3.4.jar;C:\Users\DEBASIS\.m2\repository\org\springframework\spring-core\6.1.13\spring-core-6.1.13.jar;C:\Users\DEBASIS\.m2\repository\org\springframework\spring-jcl\6.1.13\spring-jcl-6.1.13.jar;C:\Users\DEBASIS\.m2\repository\org\springdoc\springdoc-openapi-starter-webmvc-ui\2.2.0\springdoc-openapi-starter-webmvc-ui-2.2.0.jar;C:\Users\DEBASIS\.m2\repository\org\springdoc\springdoc-openapi-starter-webmvc-api\2.2.0\springdoc-openapi-starter-webmvc-api-2.2.0.jar;C:\Users\DEBASIS\.m2\repository\org\springdoc\springdoc-openapi-starter-common\2.2.0\springdoc-openapi-starter-common-2.2.0.jar;C:\Users\DEBASIS\.m2\repository\io\swagger\core\v3\swagger-core-jakarta\2.2.15\swagger-core-jakarta-2.2.15.jar;C:\Users\DEBASIS\.m2\repository\org\apache\commons\commons-lang3\3.14.0\commons-lang3-3.14.0.jar;C:\Users\DEBASIS\.m2\repository\io\swagger\core\v3\swagger-annotations-jakarta\2.2.15\swagger-annotations-jakarta-2.2.15.jar;C:\Users\DEBASIS\.m2\repository\io\swagger\core\v3\swagger-models-jakarta\2.2.15\swagger-models-jakarta-2.2.15.jar;C:\Users\DEBASIS\.m2\repository\jakarta\validation\jakarta.validation-api\3.0.2\jakarta.validation-api-3.0.2.jar;C:\Users\DEBASIS\.m2\repository\com\fasterxml\jackson\dataformat\jackson-dataformat-yaml\2.17.2\jackson-dataformat-yaml-2.17.2.jar;C:\Users\DEBASIS\.m2\repository\org\webjars\swagger-ui\5.2.0\swagger-ui-5.2.0.jar;C:\Users\DEBASIS\.m2\repository\org\springframework\boot\spring-boot-devtools\3.3.4\spring-boot-devtools-3.3.4.jar;C:\Users\DEBASIS\.m2\repository\org\springframework\boot\spring-boot\3.3.4\spring-boot-3.3.4.jar;C:\Users\DEBASIS\.m2\repository\org\springframework\boot\spring-boot-autoconfigure\3.3.4\spring-boot-autoconfigure-3.3.4.jar
Launcher Type: SUN_STANDARD

[Global flags]
     intx CICompilerCount                          = 12                                        {product} {ergonomic}
     uint ConcGCThreads                            = 3                                         {product} {ergonomic}
     uint G1ConcRefinementThreads                  = 13                                        {product} {ergonomic}
   size_t G1HeapRegionSize                         = 2097152                                   {product} {ergonomic}
    uintx GCDrainStackTargetSize                   = 64                                        {product} {ergonomic}
   size_t InitialHeapSize                          = 260046848                                 {product} {ergonomic}
     bool ManagementServer                         = true                                      {product} {command line}
   size_t MarkStackSize                            = 4194304                                   {product} {ergonomic}
   size_t MaxHeapSize                              = 4135583744                                {product} {ergonomic}
   size_t MaxNewSize                               = 2480930816                                {product} {ergonomic}
   size_t MinHeapDeltaBytes                        = 2097152                                   {product} {ergonomic}
   size_t MinHeapSize                              = 8388608                                   {product} {ergonomic}
    uintx NonNMethodCodeHeapSize                   = 4096                                   {pd product} {ergonomic}
    uintx NonProfiledCodeHeapSize                  = 0                                      {pd product} {ergonomic}
     bool ProfileInterpreter                       = false                                  {pd product} {command line}
    uintx ProfiledCodeHeapSize                     = 0                                      {pd product} {ergonomic}
   size_t SoftMaxHeapSize                          = 4135583744                             {manageable} {ergonomic}
     intx TieredStopAtLevel                        = 1                                         {product} {command line}
     bool UseCompressedOops                        = true                           {product lp64_product} {ergonomic}
     bool UseG1GC                                  = true                                      {product} {ergonomic}
     bool UseLargePagesIndividualAllocation        = false                                  {pd product} {ergonomic}

Logging:
Log output configuration:
 #0: stdout all=warning uptime,level,tags foldmultilines=false
 #1: stderr all=off uptime,level,tags foldmultilines=false

Environment Variables:
JAVA_HOME=C:\Program Files\Java\jdk-21
PATH=C:\Program Files (x86)\VMware\VMware Player\bin\;C:\Program Files\Common Files\Oracle\Java\javapath;C:\WINDOWS\system32;C:\WINDOWS;C:\WINDOWS\System32\Wbem;C:\WINDOWS\System32\WindowsPowerShell\v1.0\;C:\WINDOWS\System32\OpenSSH\;C:\Program Files\Docker\Docker\resources\bin;C:\Program Files\apache-maven-3.9.9-bin\apache-maven-3.9.9\bin;C:\Program Files\PostgreSQL\14\bin;C:\Program Files\PostgreSQL\14\lib;C:\Program Files\Java\jdk1.8.0_202\bin;C:\apache-zookeeper-3.7.1-bin\bin;D:\flutter_windows_3.27.4-stable\flutter\bin;C:\Program Files\terraform_1.10.5_windows_amd64;C:\Program Files\kubectl;C:\Program Files\helm;D:\minikube;C:\ProgramData\chocolatey\bin;C:\Program Files\nodejs\;C:\gradle-8.14-bin\gradle-8.14\bin;C:\Program Files\Git\cmd;C:\Program Files\Java\jdk-21\bin;C:\Users\DEBASIS\.local\bin;C:\Users\DEBASIS\AppData\Local\Programs\Python\Python311\Scripts\;C:\Users\DEBASIS\AppData\Local\Programs\Python\Python311\;C:\Users\DEBASIS\AppData\Local\Microsoft\WindowsApps;C:\Program Files\JetBrains\IntelliJ IDEA 2024.3\bin;;C:\Users\DEBASIS\AppData\Local\Microsoft\WinGet\Packages\Schniz.fnm_Microsoft.Winget.Source_8wekyb3d8bbwe;C:\Users\DEBASIS\AppData\Local\Programs\Microsoft VS Code\bin;C:\Program Files\JetBrains\PyCharm 2024.3\bin;;C:\ffmpeg;C:\Users\DEBASIS\Downloads\Compressed\optipng-0.7.7-win32\optipng-0.7.7-win32;D:\jdk-17.0.12_windows-x64_bin\jdk-17.0.12\bin;C:\Users\DEBASIS\AppData\Roaming\npm;C:\Users\DEBASIS\AppData\Local\GitHubDesktop\bin;
USERNAME=DEBASIS
OS=Windows_NT
PROCESSOR_IDENTIFIER=AMD64 Family 23 Model 96 Stepping 1, AuthenticAMD
TMP=C:\Users\DEBASIS\AppData\Local\Temp
TEMP=C:\Users\DEBASIS\AppData\Local\Temp




Periodic native trim disabled

---------------  S Y S T E M  ---------------

OS:
 Windows 11 , 64 bit Build 26100 (10.0.26100.4768)
OS uptime: 0 days 22:16 hours
Hyper-V role detected

CPU: total 16 (initial active 16) (16 cores per cpu, 2 threads per core) family 23 model 96 stepping 1 microcode 0x860010f, cx8, cmov, fxsr, ht, mmx, 3dnowpref, sse, sse2, sse3, ssse3, sse4a, sse4.1, sse4.2, popcnt, lzcnt, tsc, tscinvbit, avx, avx2, aes, clmul, bmi1, bmi2, adx, sha, fma, vzeroupper, clflush, clflushopt, hv, rdtscp, rdpid, f16c
Processor Information for the first 16 processors :
  Max Mhz: 1700, Current Mhz: 1700, Mhz Limit: 1700

Memory: 4k page, system-wide physical 15773M (1310M free)
TotalPageFile size 50704M (AvailPageFile size 0M)
current process WorkingSet (physical memory assigned to process): 252M, peak: 333M
current process commit charge ("private bytes"): 382M, peak: 386M

vm_info: OpenJDK 64-Bit Server VM (21.0.7+6-LTS) for windows-amd64 JRE (21.0.7+6-LTS), built on 2025-04-09T22:17:25Z by "MicrosoftCorporation" with unknown MS VC++:1939

END.
