Starting application with JAVA_HOME=/Users/bikashkumarnishank/Library/Java/JavaVirtualMachines/ms-21.0.8/Contents/Home
SLF4J(W): Class path contains multiple SLF4J providers.
SLF4J(W): Found provider [ch.qos.logback.classic.spi.LogbackServiceProvider@6d78f375]
SLF4J(W): Found provider [org.apache.logging.slf4j.SLF4JServiceProvider@50c87b21]
SLF4J(W): See https://www.slf4j.org/codes.html#multiple_bindings for an explanation.
SLF4J(I): Actual provider is of type [ch.qos.logback.classic.spi.LogbackServiceProvider@6d78f375]

  .   ____          _            __ _ _
 /\\ / ___'_ __ _ _(_)_ __  __ _ \ \ \ \
( ( )\___ | '_ | '_| | '_ \/ _` | \ \ \ \
 \\/  ___)| |_)| | | | | || (_| |  ) ) ) )
  '  |____| .__|_| |_|_| |_\__, | / / / /
 =========|_|==============|___/=/_/_/_/

 :: Spring Boot ::                (v3.3.4)

2026-02-15T20:44:54.774+05:30  INFO 91783 --- [           main] c.t.c.UserManagementServiceApplication   : Starting UserManagementServiceApplication v0.0.1-SNAPSHOT using Java 21.0.8 with PID 91783 (/Users/bikashkumarnishank/Documents/ThinkersCave/Thinkerscave_backend_saas/target/User-Management-Service-0.0.1-SNAPSHOT.jar started by bikashkumarnishank in /Users/bikashkumarnishank/Documents/ThinkersCave/Thinkerscave_backend_saas)
2026-02-15T20:44:54.775+05:30  INFO 91783 --- [           main] c.t.c.UserManagementServiceApplication   : No active profile set, falling back to 1 default profile: "default"
2026-02-15T20:44:55.267+05:30  INFO 91783 --- [           main] .s.d.r.c.RepositoryConfigurationDelegate : Bootstrapping Spring Data JPA repositories in DEFAULT mode.
2026-02-15T20:44:55.362+05:30  INFO 91783 --- [           main] .s.d.r.c.RepositoryConfigurationDelegate : Finished Spring Data repository scanning in 89 ms. Found 37 JPA repository interfaces.
2026-02-15T20:44:56.213+05:30  INFO 91783 --- [           main] o.s.b.w.embedded.tomcat.TomcatWebServer  : Tomcat initialized with port 8181 (http)
2026-02-15T20:44:56.232+05:30  INFO 91783 --- [           main] o.apache.catalina.core.StandardService   : Starting service [Tomcat]
2026-02-15T20:44:56.232+05:30  INFO 91783 --- [           main] o.apache.catalina.core.StandardEngine    : Starting Servlet engine: [Apache Tomcat/10.1.30]
2026-02-15T20:44:56.260+05:30  INFO 91783 --- [           main] o.a.c.c.C.[Tomcat].[localhost].[/]       : Initializing Spring embedded WebApplicationContext
2026-02-15T20:44:56.260+05:30  INFO 91783 --- [           main] w.s.c.ServletWebServerApplicationContext : Root WebApplicationContext: initialization completed in 1452 ms
2026-02-15T20:44:56.451+05:30  INFO 91783 --- [           main] o.hibernate.jpa.internal.util.LogHelper  : HHH000204: Processing PersistenceUnitInfo [name: default]
2026-02-15T20:44:56.567+05:30  INFO 91783 --- [           main] org.hibernate.Version                    : HHH000412: Hibernate ORM core version 6.5.3.Final
2026-02-15T20:44:56.607+05:30  INFO 91783 --- [           main] o.h.c.internal.RegionFactoryInitiator    : HHH000026: Second-level cache disabled
2026-02-15T20:44:57.098+05:30  INFO 91783 --- [           main] o.s.o.j.p.SpringPersistenceUnitInfo      : No LoadTimeWeaver setup: ignoring JPA class transformer
2026-02-15T20:44:57.118+05:30  INFO 91783 --- [           main] com.zaxxer.hikari.HikariDataSource       : HikariPool-1 - Starting...
2026-02-15T20:45:00.038+05:30  INFO 91783 --- [           main] com.zaxxer.hikari.pool.HikariPool        : HikariPool-1 - Added connection org.postgresql.jdbc.PgConnection@eb5471c
2026-02-15T20:45:00.040+05:30  INFO 91783 --- [           main] com.zaxxer.hikari.HikariDataSource       : HikariPool-1 - Start completed.
2026-02-15T20:45:00.363+05:30  WARN 91783 --- [           main] org.hibernate.orm.deprecation            : HHH90000025: PostgreSQLDialect does not need to be specified explicitly using 'hibernate.dialect' (remove the property setting and it will be selected by default)
2026-02-15T20:45:02.783+05:30  INFO 91783 --- [           main] o.h.e.t.j.p.i.JtaPlatformInitiator       : HHH000489: No JTA platform available (set 'hibernate.transaction.jta.platform' to enable JTA platform integration)
2026-02-15T20:45:02.787+05:30  INFO 91783 --- [           main] j.LocalContainerEntityManagerFactoryBean : Initialized JPA EntityManagerFactory for persistence unit 'default'
2026-02-15T20:45:03.216+05:30  INFO 91783 --- [           main] o.s.boot.web.servlet.RegistrationBean    : Filter jwtAuthFilterRegistration was not registered (disabled)
2026-02-15T20:45:05.343+05:30  INFO 91783 --- [           main] o.s.d.j.r.query.QueryEnhancerFactory     : Hibernate is in classpath; If applicable, HQL parser will be used.
2026-02-15T20:45:06.178+05:30  INFO 91783 --- [           main] eAuthenticationProviderManagerConfigurer : Global AuthenticationManager configured with AuthenticationProvider bean with name authenticationProvider
2026-02-15T20:45:06.178+05:30  WARN 91783 --- [           main] r$InitializeUserDetailsManagerConfigurer : Global AuthenticationManager configured with an AuthenticationProvider bean. UserDetailsService beans will not be used for username/password login. Consider removing the AuthenticationProvider bean. Alternatively, consider using the UserDetailsService in a manually instantiated DaoAuthenticationProvider.
2026-02-15T20:45:06.901+05:30  INFO 91783 --- [           main] o.s.b.w.embedded.tomcat.TomcatWebServer  : Tomcat started on port 8181 (http) with context path '/'
2026-02-15T20:45:06.908+05:30  INFO 91783 --- [           main] c.t.c.UserManagementServiceApplication   : Started UserManagementServiceApplication in 12.409 seconds (process running for 13.283)
Hibernate: 
    select
        count(*) 
    from
        inquiry i1_0
2026-02-15T20:45:42.689+05:30  INFO 91783 --- [nio-8181-exec-1] o.a.c.c.C.[Tomcat].[localhost].[/]       : Initializing Spring DispatcherServlet 'dispatcherServlet'
2026-02-15T20:45:42.690+05:30  INFO 91783 --- [nio-8181-exec-1] o.s.web.servlet.DispatcherServlet        : Initializing Servlet 'dispatcherServlet'
2026-02-15T20:45:42.693+05:30  INFO 91783 --- [nio-8181-exec-1] o.s.web.servlet.DispatcherServlet        : Completed initialization in 3 ms
./run_app.sh: line 8: 91783 Killed: 9               $JAVA_HOME/bin/java -jar target/User-Management-Service-0.0.1-SNAPSHOT.jar
