11:02:35.470 [$thread] INFO  o.h.validator.internal.util.Version -----  HV000001: Hibernate Validator 6.2.3.Final 
11:02:35.470 [$thread] INFO  com.user.UserAuthApplication -----  Starting UserAuthApplication using Java 11.0.25 on Bikashs-MacBook-Air.local with PID 65248 (/Users/bikashkumarnishank/Documents/ThinkersCave/IntellijIdeaProjectsCompany/target/classes started by bikashkumarnishank in /Users/bikashkumarnishank/Downloads/workspace/User-Management-Service) 
11:02:35.477 [$thread] INFO  com.user.UserAuthApplication -----  No active profile set, falling back to 1 default profile: "default" 
11:02:35.571 [$thread] WARN  o.s.c.a.AnnotationConfigApplicationContext -----  Exception encountered during context initialization - cancelling refresh attempt: org.springframework.beans.factory.BeanDefinitionStoreException: Failed to parse configuration class [com.user.UserAuthApplication]; nested exception is org.springframework.core.NestedIOException: Failed to load class [javax.servlet.Filter]; nested exception is java.lang.ClassNotFoundException: javax.servlet.Filter 
11:02:35.669 [$thread] ERROR o.s.boot.SpringApplication -----  Application run failed 
org.springframework.beans.factory.BeanDefinitionStoreException: Failed to parse configuration class [com.user.UserAuthApplication]; nested exception is org.springframework.core.NestedIOException: Failed to load class [javax.servlet.Filter]; nested exception is java.lang.ClassNotFoundException: javax.servlet.Filter
	at org.springframework.context.annotation.ConfigurationClassParser.parse(ConfigurationClassParser.java:189)
	at org.springframework.context.annotation.ConfigurationClassPostProcessor.processConfigBeanDefinitions(ConfigurationClassPostProcessor.java:331)
	at org.springframework.context.annotation.ConfigurationClassPostProcessor.postProcessBeanDefinitionRegistry(ConfigurationClassPostProcessor.java:247)
	at org.springframework.context.support.PostProcessorRegistrationDelegate.invokeBeanDefinitionRegistryPostProcessors(PostProcessorRegistrationDelegate.java:311)
	at org.springframework.context.support.PostProcessorRegistrationDelegate.invokeBeanFactoryPostProcessors(PostProcessorRegistrationDelegate.java:112)
	at org.springframework.context.support.AbstractApplicationContext.invokeBeanFactoryPostProcessors(AbstractApplicationContext.java:746)
	at org.springframework.context.support.AbstractApplicationContext.refresh(AbstractApplicationContext.java:564)
	at org.springframework.boot.SpringApplication.refresh(SpringApplication.java:734)
	at org.springframework.boot.SpringApplication.refreshContext(SpringApplication.java:408)
	at org.springframework.boot.SpringApplication.run(SpringApplication.java:308)
	at org.springframework.boot.SpringApplication.run(SpringApplication.java:1306)
	at org.springframework.boot.SpringApplication.run(SpringApplication.java:1295)
	at com.user.UserAuthApplication.main(UserAuthApplication.java:11)
Caused by: org.springframework.core.NestedIOException: Failed to load class [javax.servlet.Filter]; nested exception is java.lang.ClassNotFoundException: javax.servlet.Filter
	at org.springframework.context.annotation.ConfigurationClassParser.asSourceClass(ConfigurationClassParser.java:693)
	at org.springframework.context.annotation.ConfigurationClassParser$SourceClass.getInterfaces(ConfigurationClassParser.java:1024)
	at org.springframework.context.annotation.ConfigurationClassParser.processInterfaces(ConfigurationClassParser.java:386)
	at org.springframework.context.annotation.ConfigurationClassParser.doProcessConfigurationClass(ConfigurationClassParser.java:332)
	at org.springframework.context.annotation.ConfigurationClassParser.processConfigurationClass(ConfigurationClassParser.java:250)
	at org.springframework.context.annotation.ConfigurationClassParser.parse(ConfigurationClassParser.java:199)
	at org.springframework.context.annotation.ConfigurationClassParser.doProcessConfigurationClass(ConfigurationClassParser.java:304)
	at org.springframework.context.annotation.ConfigurationClassParser.processConfigurationClass(ConfigurationClassParser.java:250)
	at org.springframework.context.annotation.ConfigurationClassParser.parse(ConfigurationClassParser.java:207)
	at org.springframework.context.annotation.ConfigurationClassParser.parse(ConfigurationClassParser.java:175)
	... 12 common frames omitted
Caused by: java.lang.ClassNotFoundException: javax.servlet.Filter
	at java.base/jdk.internal.loader.BuiltinClassLoader.loadClass(BuiltinClassLoader.java:581)
	at java.base/jdk.internal.loader.ClassLoaders$AppClassLoader.loadClass(ClassLoaders.java:178)
	at java.base/java.lang.ClassLoader.loadClass(ClassLoader.java:527)
	at java.base/java.lang.Class.forName0(Native Method)
	at java.base/java.lang.Class.forName(Class.java:398)
	at org.springframework.util.ClassUtils.forName(ClassUtils.java:284)
	at org.springframework.context.annotation.ConfigurationClassParser.asSourceClass(ConfigurationClassParser.java:690)
	... 21 common frames omitted
