01:30:21.828 [$thread] INFO  o.h.validator.internal.util.Version -----  HV000001: Hibernate Validator 6.2.5.Final 
01:30:21.829 [$thread] INFO  com.user.UserAuthApplication -----  Starting UserAuthApplication using Java 17.0.11 on Bikashs-MacBook-Air.local with PID 61000 (/Users/bikashkumarnishank/Documents/ThinkersCave/IntellijIdeaProjectsCompany/target/classes started by bikashkumarnishank in /Users/bikashkumarnishank/Downloads/workspace/User-Management-Service) 
01:30:21.832 [$thread] INFO  com.user.UserAuthApplication -----  No active profile set, falling back to 1 default profile: "default" 
01:30:21.920 [$thread] WARN  o.s.c.a.AnnotationConfigApplicationContext -----  Exception encountered during context initialization - cancelling refresh attempt: org.springframework.beans.factory.BeanDefinitionStoreException: Failed to parse configuration class [com.user.UserAuthApplication]; nested exception is org.springframework.core.NestedIOException: Failed to load class [javax.servlet.Filter]; nested exception is java.lang.ClassNotFoundException: javax.servlet.Filter 
01:30:21.993 [$thread] ERROR o.s.boot.SpringApplication -----  Application run failed 
org.springframework.beans.factory.BeanDefinitionStoreException: Failed to parse configuration class [com.user.UserAuthApplication]; nested exception is org.springframework.core.NestedIOException: Failed to load class [javax.servlet.Filter]; nested exception is java.lang.ClassNotFoundException: javax.servlet.Filter
	at org.springframework.context.annotation.ConfigurationClassParser.parse(ConfigurationClassParser.java:188)
	at org.springframework.context.annotation.ConfigurationClassPostProcessor.processConfigBeanDefinitions(ConfigurationClassPostProcessor.java:331)
	at org.springframework.context.annotation.ConfigurationClassPostProcessor.postProcessBeanDefinitionRegistry(ConfigurationClassPostProcessor.java:247)
	at org.springframework.context.support.PostProcessorRegistrationDelegate.invokeBeanDefinitionRegistryPostProcessors(PostProcessorRegistrationDelegate.java:311)
	at org.springframework.context.support.PostProcessorRegistrationDelegate.invokeBeanFactoryPostProcessors(PostProcessorRegistrationDelegate.java:112)
	at org.springframework.context.support.AbstractApplicationContext.invokeBeanFactoryPostProcessors(AbstractApplicationContext.java:746)
	at org.springframework.context.support.AbstractApplicationContext.refresh(AbstractApplicationContext.java:564)
	at org.springframework.boot.SpringApplication.refresh(SpringApplication.java:734)
	at org.springframework.boot.SpringApplication.refreshContext(SpringApplication.java:408)
	at org.springframework.boot.SpringApplication.run(SpringApplication.java:308)
	at org.springframework.boot.SpringApplication.run(SpringApplication.java:1306)
	at org.springframework.boot.SpringApplication.run(SpringApplication.java:1295)
	at com.user.UserAuthApplication.main(UserAuthApplication.java:11)
Caused by: org.springframework.core.NestedIOException: Failed to load class [javax.servlet.Filter]; nested exception is java.lang.ClassNotFoundException: javax.servlet.Filter
	at org.springframework.context.annotation.ConfigurationClassParser.asSourceClass(ConfigurationClassParser.java:693)
	at org.springframework.context.annotation.ConfigurationClassParser$SourceClass.getInterfaces(ConfigurationClassParser.java:1024)
	at org.springframework.context.annotation.ConfigurationClassParser.processInterfaces(ConfigurationClassParser.java:385)
	at org.springframework.context.annotation.ConfigurationClassParser.doProcessConfigurationClass(ConfigurationClassParser.java:331)
	at org.springframework.context.annotation.ConfigurationClassParser.processConfigurationClass(ConfigurationClassParser.java:249)
	at org.springframework.context.annotation.ConfigurationClassParser.parse(ConfigurationClassParser.java:198)
	at org.springframework.context.annotation.ConfigurationClassParser.doProcessConfigurationClass(ConfigurationClassParser.java:303)
	at org.springframework.context.annotation.ConfigurationClassParser.processConfigurationClass(ConfigurationClassParser.java:249)
	at org.springframework.context.annotation.ConfigurationClassParser.parse(ConfigurationClassParser.java:206)
	at org.springframework.context.annotation.ConfigurationClassParser.parse(ConfigurationClassParser.java:174)
	... 12 common frames omitted
Caused by: java.lang.ClassNotFoundException: javax.servlet.Filter
	at java.base/jdk.internal.loader.BuiltinClassLoader.loadClass(BuiltinClassLoader.java:641)
	at java.base/jdk.internal.loader.ClassLoaders$AppClassLoader.loadClass(ClassLoaders.java:188)
	at java.base/java.lang.ClassLoader.loadClass(ClassLoader.java:520)
	at java.base/java.lang.Class.forName0(Native Method)
	at java.base/java.lang.Class.forName(Class.java:467)
	at org.springframework.util.ClassUtils.forName(ClassUtils.java:284)
	at org.springframework.context.annotation.ConfigurationClassParser.asSourceClass(ConfigurationClassParser.java:690)
	... 21 common frames omitted
